The system is: Linux - 4.18.0-18-generic - x86_64
Compiling the CXX compiler identification source file "CMakeCXXCompilerId.cpp" succeeded.
Compiler: /usr/bin/c++ 
Build flags: 
Id flags:  

The output was:
0


Compilation of the CXX compiler identification source "CMakeCXXCompilerId.cpp" produced "a.out"

The CXX compiler identification is GNU, found in "/home/manu/work/mahdi/pagmo2/CMakeFiles/3.10.2/CompilerIdCXX/a.out"

Compiling the C compiler identification source file "CMakeCCompilerId.c" succeeded.
Compiler: /usr/bin/cc 
Build flags: 
Id flags:  

The output was:
0


Compilation of the C compiler identification source "CMakeCCompilerId.c" produced "a.out"

The C compiler identification is GNU, found in "/home/manu/work/mahdi/pagmo2/CMakeFiles/3.10.2/CompilerIdC/a.out"

Determining if the CXX compiler works passed with the following output:
Change Dir: /home/manu/work/mahdi/pagmo2/CMakeFiles/CMakeTmp

Run Build Command:"/usr/bin/make" "cmTC_753c5/fast"
make[1]: Entering directory '/home/manu/work/mahdi/pagmo2/CMakeFiles/CMakeTmp'
/usr/bin/make -f CMakeFiles/cmTC_753c5.dir/build.make CMakeFiles/cmTC_753c5.dir/build
make[2]: Entering directory '/home/manu/work/mahdi/pagmo2/CMakeFiles/CMakeTmp'
Building CXX object CMakeFiles/cmTC_753c5.dir/testCXXCompiler.cxx.o
/usr/bin/c++     -o CMakeFiles/cmTC_753c5.dir/testCXXCompiler.cxx.o -c /home/manu/work/mahdi/pagmo2/CMakeFiles/CMakeTmp/testCXXCompiler.cxx
Linking CXX executable cmTC_753c5
/usr/bin/cmake -E cmake_link_script CMakeFiles/cmTC_753c5.dir/link.txt --verbose=1
/usr/bin/c++       -rdynamic CMakeFiles/cmTC_753c5.dir/testCXXCompiler.cxx.o  -o cmTC_753c5 
make[2]: Leaving directory '/home/manu/work/mahdi/pagmo2/CMakeFiles/CMakeTmp'
make[1]: Leaving directory '/home/manu/work/mahdi/pagmo2/CMakeFiles/CMakeTmp'


Detecting CXX compiler ABI info compiled with the following output:
Change Dir: /home/manu/work/mahdi/pagmo2/CMakeFiles/CMakeTmp

Run Build Command:"/usr/bin/make" "cmTC_ae338/fast"
make[1]: Entering directory '/home/manu/work/mahdi/pagmo2/CMakeFiles/CMakeTmp'
/usr/bin/make -f CMakeFiles/cmTC_ae338.dir/build.make CMakeFiles/cmTC_ae338.dir/build
make[2]: Entering directory '/home/manu/work/mahdi/pagmo2/CMakeFiles/CMakeTmp'
Building CXX object CMakeFiles/cmTC_ae338.dir/CMakeCXXCompilerABI.cpp.o
/usr/bin/c++     -o CMakeFiles/cmTC_ae338.dir/CMakeCXXCompilerABI.cpp.o -c /usr/share/cmake-3.10/Modules/CMakeCXXCompilerABI.cpp
Linking CXX executable cmTC_ae338
/usr/bin/cmake -E cmake_link_script CMakeFiles/cmTC_ae338.dir/link.txt --verbose=1
/usr/bin/c++      -v -rdynamic CMakeFiles/cmTC_ae338.dir/CMakeCXXCompilerABI.cpp.o  -o cmTC_ae338 
Using built-in specs.
COLLECT_GCC=/usr/bin/c++
COLLECT_LTO_WRAPPER=/usr/lib/gcc/x86_64-linux-gnu/7/lto-wrapper
OFFLOAD_TARGET_NAMES=nvptx-none
OFFLOAD_TARGET_DEFAULT=1
Target: x86_64-linux-gnu
Configured with: ../src/configure -v --with-pkgversion='Ubuntu 7.3.0-27ubuntu1~18.04' --with-bugurl=file:///usr/share/doc/gcc-7/README.Bugs --enable-languages=c,ada,c++,go,brig,d,fortran,objc,obj-c++ --prefix=/usr --with-gcc-major-version-only --program-suffix=-7 --program-prefix=x86_64-linux-gnu- --enable-shared --enable-linker-build-id --libexecdir=/usr/lib --without-included-gettext --enable-threads=posix --libdir=/usr/lib --enable-nls --with-sysroot=/ --enable-clocale=gnu --enable-libstdcxx-debug --enable-libstdcxx-time=yes --with-default-libstdcxx-abi=new --enable-gnu-unique-object --disable-vtable-verify --enable-libmpx --enable-plugin --enable-default-pie --with-system-zlib --with-target-system-zlib --enable-objc-gc=auto --enable-multiarch --disable-werror --with-arch-32=i686 --with-abi=m64 --with-multilib-list=m32,m64,mx32 --enable-multilib --with-tune=generic --enable-offload-targets=nvptx-none --without-cuda-driver --enable-checking=release --build=x86_64-linux-gnu --host=x86_64-linux-gnu --target=x86_64-linux-gnu
Thread model: posix
gcc version 7.3.0 (Ubuntu 7.3.0-27ubuntu1~18.04) 
COMPILER_PATH=/usr/lib/gcc/x86_64-linux-gnu/7/:/usr/lib/gcc/x86_64-linux-gnu/7/:/usr/lib/gcc/x86_64-linux-gnu/:/usr/lib/gcc/x86_64-linux-gnu/7/:/usr/lib/gcc/x86_64-linux-gnu/
LIBRARY_PATH=/usr/lib/gcc/x86_64-linux-gnu/7/:/usr/lib/gcc/x86_64-linux-gnu/7/../../../x86_64-linux-gnu/:/usr/lib/gcc/x86_64-linux-gnu/7/../../../../lib/:/lib/x86_64-linux-gnu/:/lib/../lib/:/usr/lib/x86_64-linux-gnu/:/usr/lib/../lib/:/usr/lib/gcc/x86_64-linux-gnu/7/../../../:/lib/:/usr/lib/
COLLECT_GCC_OPTIONS='-v' '-rdynamic' '-o' 'cmTC_ae338' '-shared-libgcc' '-mtune=generic' '-march=x86-64'
 /usr/lib/gcc/x86_64-linux-gnu/7/collect2 -plugin /usr/lib/gcc/x86_64-linux-gnu/7/liblto_plugin.so -plugin-opt=/usr/lib/gcc/x86_64-linux-gnu/7/lto-wrapper -plugin-opt=-fresolution=/tmp/ccqpt0Ky.res -plugin-opt=-pass-through=-lgcc_s -plugin-opt=-pass-through=-lgcc -plugin-opt=-pass-through=-lc -plugin-opt=-pass-through=-lgcc_s -plugin-opt=-pass-through=-lgcc --sysroot=/ --build-id --eh-frame-hdr -m elf_x86_64 --hash-style=gnu --as-needed -export-dynamic -dynamic-linker /lib64/ld-linux-x86-64.so.2 -pie -z now -z relro -o cmTC_ae338 /usr/lib/gcc/x86_64-linux-gnu/7/../../../x86_64-linux-gnu/Scrt1.o /usr/lib/gcc/x86_64-linux-gnu/7/../../../x86_64-linux-gnu/crti.o /usr/lib/gcc/x86_64-linux-gnu/7/crtbeginS.o -L/usr/lib/gcc/x86_64-linux-gnu/7 -L/usr/lib/gcc/x86_64-linux-gnu/7/../../../x86_64-linux-gnu -L/usr/lib/gcc/x86_64-linux-gnu/7/../../../../lib -L/lib/x86_64-linux-gnu -L/lib/../lib -L/usr/lib/x86_64-linux-gnu -L/usr/lib/../lib -L/usr/lib/gcc/x86_64-linux-gnu/7/../../.. CMakeFiles/cmTC_ae338.dir/CMakeCXXCompilerABI.cpp.o -lstdc++ -lm -lgcc_s -lgcc -lc -lgcc_s -lgcc /usr/lib/gcc/x86_64-linux-gnu/7/crtendS.o /usr/lib/gcc/x86_64-linux-gnu/7/../../../x86_64-linux-gnu/crtn.o
COLLECT_GCC_OPTIONS='-v' '-rdynamic' '-o' 'cmTC_ae338' '-shared-libgcc' '-mtune=generic' '-march=x86-64'
make[2]: Leaving directory '/home/manu/work/mahdi/pagmo2/CMakeFiles/CMakeTmp'
make[1]: Leaving directory '/home/manu/work/mahdi/pagmo2/CMakeFiles/CMakeTmp'


Parsed CXX implicit link information from above output:
  link line regex: [^( *|.*[/\])(ld|CMAKE_LINK_STARTFILE-NOTFOUND|([^/\]+-)?ld|collect2)[^/\]*( |$)]
  ignore line: [Change Dir: /home/manu/work/mahdi/pagmo2/CMakeFiles/CMakeTmp]
  ignore line: []
  ignore line: [Run Build Command:"/usr/bin/make" "cmTC_ae338/fast"]
  ignore line: [make[1]: Entering directory '/home/manu/work/mahdi/pagmo2/CMakeFiles/CMakeTmp']
  ignore line: [/usr/bin/make -f CMakeFiles/cmTC_ae338.dir/build.make CMakeFiles/cmTC_ae338.dir/build]
  ignore line: [make[2]: Entering directory '/home/manu/work/mahdi/pagmo2/CMakeFiles/CMakeTmp']
  ignore line: [Building CXX object CMakeFiles/cmTC_ae338.dir/CMakeCXXCompilerABI.cpp.o]
  ignore line: [/usr/bin/c++     -o CMakeFiles/cmTC_ae338.dir/CMakeCXXCompilerABI.cpp.o -c /usr/share/cmake-3.10/Modules/CMakeCXXCompilerABI.cpp]
  ignore line: [Linking CXX executable cmTC_ae338]
  ignore line: [/usr/bin/cmake -E cmake_link_script CMakeFiles/cmTC_ae338.dir/link.txt --verbose=1]
  ignore line: [/usr/bin/c++      -v -rdynamic CMakeFiles/cmTC_ae338.dir/CMakeCXXCompilerABI.cpp.o  -o cmTC_ae338 ]
  ignore line: [Using built-in specs.]
  ignore line: [COLLECT_GCC=/usr/bin/c++]
  ignore line: [COLLECT_LTO_WRAPPER=/usr/lib/gcc/x86_64-linux-gnu/7/lto-wrapper]
  ignore line: [OFFLOAD_TARGET_NAMES=nvptx-none]
  ignore line: [OFFLOAD_TARGET_DEFAULT=1]
  ignore line: [Target: x86_64-linux-gnu]
  ignore line: [Configured with: ../src/configure -v --with-pkgversion='Ubuntu 7.3.0-27ubuntu1~18.04' --with-bugurl=file:///usr/share/doc/gcc-7/README.Bugs --enable-languages=c,ada,c++,go,brig,d,fortran,objc,obj-c++ --prefix=/usr --with-gcc-major-version-only --program-suffix=-7 --program-prefix=x86_64-linux-gnu- --enable-shared --enable-linker-build-id --libexecdir=/usr/lib --without-included-gettext --enable-threads=posix --libdir=/usr/lib --enable-nls --with-sysroot=/ --enable-clocale=gnu --enable-libstdcxx-debug --enable-libstdcxx-time=yes --with-default-libstdcxx-abi=new --enable-gnu-unique-object --disable-vtable-verify --enable-libmpx --enable-plugin --enable-default-pie --with-system-zlib --with-target-system-zlib --enable-objc-gc=auto --enable-multiarch --disable-werror --with-arch-32=i686 --with-abi=m64 --with-multilib-list=m32,m64,mx32 --enable-multilib --with-tune=generic --enable-offload-targets=nvptx-none --without-cuda-driver --enable-checking=release --build=x86_64-linux-gnu --host=x86_64-linux-gnu --target=x86_64-linux-gnu]
  ignore line: [Thread model: posix]
  ignore line: [gcc version 7.3.0 (Ubuntu 7.3.0-27ubuntu1~18.04) ]
  ignore line: [COMPILER_PATH=/usr/lib/gcc/x86_64-linux-gnu/7/:/usr/lib/gcc/x86_64-linux-gnu/7/:/usr/lib/gcc/x86_64-linux-gnu/:/usr/lib/gcc/x86_64-linux-gnu/7/:/usr/lib/gcc/x86_64-linux-gnu/]
  ignore line: [LIBRARY_PATH=/usr/lib/gcc/x86_64-linux-gnu/7/:/usr/lib/gcc/x86_64-linux-gnu/7/../../../x86_64-linux-gnu/:/usr/lib/gcc/x86_64-linux-gnu/7/../../../../lib/:/lib/x86_64-linux-gnu/:/lib/../lib/:/usr/lib/x86_64-linux-gnu/:/usr/lib/../lib/:/usr/lib/gcc/x86_64-linux-gnu/7/../../../:/lib/:/usr/lib/]
  ignore line: [COLLECT_GCC_OPTIONS='-v' '-rdynamic' '-o' 'cmTC_ae338' '-shared-libgcc' '-mtune=generic' '-march=x86-64']
  link line: [ /usr/lib/gcc/x86_64-linux-gnu/7/collect2 -plugin /usr/lib/gcc/x86_64-linux-gnu/7/liblto_plugin.so -plugin-opt=/usr/lib/gcc/x86_64-linux-gnu/7/lto-wrapper -plugin-opt=-fresolution=/tmp/ccqpt0Ky.res -plugin-opt=-pass-through=-lgcc_s -plugin-opt=-pass-through=-lgcc -plugin-opt=-pass-through=-lc -plugin-opt=-pass-through=-lgcc_s -plugin-opt=-pass-through=-lgcc --sysroot=/ --build-id --eh-frame-hdr -m elf_x86_64 --hash-style=gnu --as-needed -export-dynamic -dynamic-linker /lib64/ld-linux-x86-64.so.2 -pie -z now -z relro -o cmTC_ae338 /usr/lib/gcc/x86_64-linux-gnu/7/../../../x86_64-linux-gnu/Scrt1.o /usr/lib/gcc/x86_64-linux-gnu/7/../../../x86_64-linux-gnu/crti.o /usr/lib/gcc/x86_64-linux-gnu/7/crtbeginS.o -L/usr/lib/gcc/x86_64-linux-gnu/7 -L/usr/lib/gcc/x86_64-linux-gnu/7/../../../x86_64-linux-gnu -L/usr/lib/gcc/x86_64-linux-gnu/7/../../../../lib -L/lib/x86_64-linux-gnu -L/lib/../lib -L/usr/lib/x86_64-linux-gnu -L/usr/lib/../lib -L/usr/lib/gcc/x86_64-linux-gnu/7/../../.. CMakeFiles/cmTC_ae338.dir/CMakeCXXCompilerABI.cpp.o -lstdc++ -lm -lgcc_s -lgcc -lc -lgcc_s -lgcc /usr/lib/gcc/x86_64-linux-gnu/7/crtendS.o /usr/lib/gcc/x86_64-linux-gnu/7/../../../x86_64-linux-gnu/crtn.o]
    arg [/usr/lib/gcc/x86_64-linux-gnu/7/collect2] ==> ignore
    arg [-plugin] ==> ignore
    arg [/usr/lib/gcc/x86_64-linux-gnu/7/liblto_plugin.so] ==> ignore
    arg [-plugin-opt=/usr/lib/gcc/x86_64-linux-gnu/7/lto-wrapper] ==> ignore
    arg [-plugin-opt=-fresolution=/tmp/ccqpt0Ky.res] ==> ignore
    arg [-plugin-opt=-pass-through=-lgcc_s] ==> ignore
    arg [-plugin-opt=-pass-through=-lgcc] ==> ignore
    arg [-plugin-opt=-pass-through=-lc] ==> ignore
    arg [-plugin-opt=-pass-through=-lgcc_s] ==> ignore
    arg [-plugin-opt=-pass-through=-lgcc] ==> ignore
    arg [--sysroot=/] ==> ignore
    arg [--build-id] ==> ignore
    arg [--eh-frame-hdr] ==> ignore
    arg [-m] ==> ignore
    arg [elf_x86_64] ==> ignore
    arg [--hash-style=gnu] ==> ignore
    arg [--as-needed] ==> ignore
    arg [-export-dynamic] ==> ignore
    arg [-dynamic-linker] ==> ignore
    arg [/lib64/ld-linux-x86-64.so.2] ==> ignore
    arg [-pie] ==> ignore
    arg [-znow] ==> ignore
    arg [-zrelro] ==> ignore
    arg [-o] ==> ignore
    arg [cmTC_ae338] ==> ignore
    arg [/usr/lib/gcc/x86_64-linux-gnu/7/../../../x86_64-linux-gnu/Scrt1.o] ==> ignore
    arg [/usr/lib/gcc/x86_64-linux-gnu/7/../../../x86_64-linux-gnu/crti.o] ==> ignore
    arg [/usr/lib/gcc/x86_64-linux-gnu/7/crtbeginS.o] ==> ignore
    arg [-L/usr/lib/gcc/x86_64-linux-gnu/7] ==> dir [/usr/lib/gcc/x86_64-linux-gnu/7]
    arg [-L/usr/lib/gcc/x86_64-linux-gnu/7/../../../x86_64-linux-gnu] ==> dir [/usr/lib/gcc/x86_64-linux-gnu/7/../../../x86_64-linux-gnu]
    arg [-L/usr/lib/gcc/x86_64-linux-gnu/7/../../../../lib] ==> dir [/usr/lib/gcc/x86_64-linux-gnu/7/../../../../lib]
    arg [-L/lib/x86_64-linux-gnu] ==> dir [/lib/x86_64-linux-gnu]
    arg [-L/lib/../lib] ==> dir [/lib/../lib]
    arg [-L/usr/lib/x86_64-linux-gnu] ==> dir [/usr/lib/x86_64-linux-gnu]
    arg [-L/usr/lib/../lib] ==> dir [/usr/lib/../lib]
    arg [-L/usr/lib/gcc/x86_64-linux-gnu/7/../../..] ==> dir [/usr/lib/gcc/x86_64-linux-gnu/7/../../..]
    arg [CMakeFiles/cmTC_ae338.dir/CMakeCXXCompilerABI.cpp.o] ==> ignore
    arg [-lstdc++] ==> lib [stdc++]
    arg [-lm] ==> lib [m]
    arg [-lgcc_s] ==> lib [gcc_s]
    arg [-lgcc] ==> lib [gcc]
    arg [-lc] ==> lib [c]
    arg [-lgcc_s] ==> lib [gcc_s]
    arg [-lgcc] ==> lib [gcc]
    arg [/usr/lib/gcc/x86_64-linux-gnu/7/crtendS.o] ==> ignore
    arg [/usr/lib/gcc/x86_64-linux-gnu/7/../../../x86_64-linux-gnu/crtn.o] ==> ignore
  collapse library dir [/usr/lib/gcc/x86_64-linux-gnu/7] ==> [/usr/lib/gcc/x86_64-linux-gnu/7]
  collapse library dir [/usr/lib/gcc/x86_64-linux-gnu/7/../../../x86_64-linux-gnu] ==> [/usr/lib/x86_64-linux-gnu]
  collapse library dir [/usr/lib/gcc/x86_64-linux-gnu/7/../../../../lib] ==> [/usr/lib]
  collapse library dir [/lib/x86_64-linux-gnu] ==> [/lib/x86_64-linux-gnu]
  collapse library dir [/lib/../lib] ==> [/lib]
  collapse library dir [/usr/lib/x86_64-linux-gnu] ==> [/usr/lib/x86_64-linux-gnu]
  collapse library dir [/usr/lib/../lib] ==> [/usr/lib]
  collapse library dir [/usr/lib/gcc/x86_64-linux-gnu/7/../../..] ==> [/usr/lib]
  implicit libs: [stdc++;m;gcc_s;gcc;c;gcc_s;gcc]
  implicit dirs: [/usr/lib/gcc/x86_64-linux-gnu/7;/usr/lib/x86_64-linux-gnu;/usr/lib;/lib/x86_64-linux-gnu;/lib]
  implicit fwks: []




Detecting CXX [-std=c++1z] compiler features compiled with the following output:
Change Dir: /home/manu/work/mahdi/pagmo2/CMakeFiles/CMakeTmp

Run Build Command:"/usr/bin/make" "cmTC_c4794/fast"
make[1]: Entering directory '/home/manu/work/mahdi/pagmo2/CMakeFiles/CMakeTmp'
/usr/bin/make -f CMakeFiles/cmTC_c4794.dir/build.make CMakeFiles/cmTC_c4794.dir/build
make[2]: Entering directory '/home/manu/work/mahdi/pagmo2/CMakeFiles/CMakeTmp'
Building CXX object CMakeFiles/cmTC_c4794.dir/feature_tests.cxx.o
/usr/bin/c++    -std=c++1z -o CMakeFiles/cmTC_c4794.dir/feature_tests.cxx.o -c /home/manu/work/mahdi/pagmo2/CMakeFiles/feature_tests.cxx
Linking CXX executable cmTC_c4794
/usr/bin/cmake -E cmake_link_script CMakeFiles/cmTC_c4794.dir/link.txt --verbose=1
/usr/bin/c++       -rdynamic CMakeFiles/cmTC_c4794.dir/feature_tests.cxx.o  -o cmTC_c4794 
make[2]: Leaving directory '/home/manu/work/mahdi/pagmo2/CMakeFiles/CMakeTmp'
make[1]: Leaving directory '/home/manu/work/mahdi/pagmo2/CMakeFiles/CMakeTmp'


    Feature record: CXX_FEATURE:1cxx_aggregate_default_initializers
    Feature record: CXX_FEATURE:1cxx_alias_templates
    Feature record: CXX_FEATURE:1cxx_alignas
    Feature record: CXX_FEATURE:1cxx_alignof
    Feature record: CXX_FEATURE:1cxx_attributes
    Feature record: CXX_FEATURE:1cxx_attribute_deprecated
    Feature record: CXX_FEATURE:1cxx_auto_type
    Feature record: CXX_FEATURE:1cxx_binary_literals
    Feature record: CXX_FEATURE:1cxx_constexpr
    Feature record: CXX_FEATURE:1cxx_contextual_conversions
    Feature record: CXX_FEATURE:1cxx_decltype
    Feature record: CXX_FEATURE:1cxx_decltype_auto
    Feature record: CXX_FEATURE:1cxx_decltype_incomplete_return_types
    Feature record: CXX_FEATURE:1cxx_default_function_template_args
    Feature record: CXX_FEATURE:1cxx_defaulted_functions
    Feature record: CXX_FEATURE:1cxx_defaulted_move_initializers
    Feature record: CXX_FEATURE:1cxx_delegating_constructors
    Feature record: CXX_FEATURE:1cxx_deleted_functions
    Feature record: CXX_FEATURE:1cxx_digit_separators
    Feature record: CXX_FEATURE:1cxx_enum_forward_declarations
    Feature record: CXX_FEATURE:1cxx_explicit_conversions
    Feature record: CXX_FEATURE:1cxx_extended_friend_declarations
    Feature record: CXX_FEATURE:1cxx_extern_templates
    Feature record: CXX_FEATURE:1cxx_final
    Feature record: CXX_FEATURE:1cxx_func_identifier
    Feature record: CXX_FEATURE:1cxx_generalized_initializers
    Feature record: CXX_FEATURE:1cxx_generic_lambdas
    Feature record: CXX_FEATURE:1cxx_inheriting_constructors
    Feature record: CXX_FEATURE:1cxx_inline_namespaces
    Feature record: CXX_FEATURE:1cxx_lambdas
    Feature record: CXX_FEATURE:1cxx_lambda_init_captures
    Feature record: CXX_FEATURE:1cxx_local_type_template_args
    Feature record: CXX_FEATURE:1cxx_long_long_type
    Feature record: CXX_FEATURE:1cxx_noexcept
    Feature record: CXX_FEATURE:1cxx_nonstatic_member_init
    Feature record: CXX_FEATURE:1cxx_nullptr
    Feature record: CXX_FEATURE:1cxx_override
    Feature record: CXX_FEATURE:1cxx_range_for
    Feature record: CXX_FEATURE:1cxx_raw_string_literals
    Feature record: CXX_FEATURE:1cxx_reference_qualified_functions
    Feature record: CXX_FEATURE:1cxx_relaxed_constexpr
    Feature record: CXX_FEATURE:1cxx_return_type_deduction
    Feature record: CXX_FEATURE:1cxx_right_angle_brackets
    Feature record: CXX_FEATURE:1cxx_rvalue_references
    Feature record: CXX_FEATURE:1cxx_sizeof_member
    Feature record: CXX_FEATURE:1cxx_static_assert
    Feature record: CXX_FEATURE:1cxx_strong_enums
    Feature record: CXX_FEATURE:1cxx_template_template_parameters
    Feature record: CXX_FEATURE:1cxx_thread_local
    Feature record: CXX_FEATURE:1cxx_trailing_return_types
    Feature record: CXX_FEATURE:1cxx_unicode_literals
    Feature record: CXX_FEATURE:1cxx_uniform_initialization
    Feature record: CXX_FEATURE:1cxx_unrestricted_unions
    Feature record: CXX_FEATURE:1cxx_user_literals
    Feature record: CXX_FEATURE:1cxx_variable_templates
    Feature record: CXX_FEATURE:1cxx_variadic_macros
    Feature record: CXX_FEATURE:1cxx_variadic_templates


Detecting CXX [-std=c++14] compiler features compiled with the following output:
Change Dir: /home/manu/work/mahdi/pagmo2/CMakeFiles/CMakeTmp

Run Build Command:"/usr/bin/make" "cmTC_2302c/fast"
make[1]: Entering directory '/home/manu/work/mahdi/pagmo2/CMakeFiles/CMakeTmp'
/usr/bin/make -f CMakeFiles/cmTC_2302c.dir/build.make CMakeFiles/cmTC_2302c.dir/build
make[2]: Entering directory '/home/manu/work/mahdi/pagmo2/CMakeFiles/CMakeTmp'
Building CXX object CMakeFiles/cmTC_2302c.dir/feature_tests.cxx.o
/usr/bin/c++    -std=c++14 -o CMakeFiles/cmTC_2302c.dir/feature_tests.cxx.o -c /home/manu/work/mahdi/pagmo2/CMakeFiles/feature_tests.cxx
Linking CXX executable cmTC_2302c
/usr/bin/cmake -E cmake_link_script CMakeFiles/cmTC_2302c.dir/link.txt --verbose=1
/usr/bin/c++       -rdynamic CMakeFiles/cmTC_2302c.dir/feature_tests.cxx.o  -o cmTC_2302c 
make[2]: Leaving directory '/home/manu/work/mahdi/pagmo2/CMakeFiles/CMakeTmp'
make[1]: Leaving directory '/home/manu/work/mahdi/pagmo2/CMakeFiles/CMakeTmp'


    Feature record: CXX_FEATURE:1cxx_aggregate_default_initializers
    Feature record: CXX_FEATURE:1cxx_alias_templates
    Feature record: CXX_FEATURE:1cxx_alignas
    Feature record: CXX_FEATURE:1cxx_alignof
    Feature record: CXX_FEATURE:1cxx_attributes
    Feature record: CXX_FEATURE:1cxx_attribute_deprecated
    Feature record: CXX_FEATURE:1cxx_auto_type
    Feature record: CXX_FEATURE:1cxx_binary_literals
    Feature record: CXX_FEATURE:1cxx_constexpr
    Feature record: CXX_FEATURE:1cxx_contextual_conversions
    Feature record: CXX_FEATURE:1cxx_decltype
    Feature record: CXX_FEATURE:1cxx_decltype_auto
    Feature record: CXX_FEATURE:1cxx_decltype_incomplete_return_types
    Feature record: CXX_FEATURE:1cxx_default_function_template_args
    Feature record: CXX_FEATURE:1cxx_defaulted_functions
    Feature record: CXX_FEATURE:1cxx_defaulted_move_initializers
    Feature record: CXX_FEATURE:1cxx_delegating_constructors
    Feature record: CXX_FEATURE:1cxx_deleted_functions
    Feature record: CXX_FEATURE:1cxx_digit_separators
    Feature record: CXX_FEATURE:1cxx_enum_forward_declarations
    Feature record: CXX_FEATURE:1cxx_explicit_conversions
    Feature record: CXX_FEATURE:1cxx_extended_friend_declarations
    Feature record: CXX_FEATURE:1cxx_extern_templates
    Feature record: CXX_FEATURE:1cxx_final
    Feature record: CXX_FEATURE:1cxx_func_identifier
    Feature record: CXX_FEATURE:1cxx_generalized_initializers
    Feature record: CXX_FEATURE:1cxx_generic_lambdas
    Feature record: CXX_FEATURE:1cxx_inheriting_constructors
    Feature record: CXX_FEATURE:1cxx_inline_namespaces
    Feature record: CXX_FEATURE:1cxx_lambdas
    Feature record: CXX_FEATURE:1cxx_lambda_init_captures
    Feature record: CXX_FEATURE:1cxx_local_type_template_args
    Feature record: CXX_FEATURE:1cxx_long_long_type
    Feature record: CXX_FEATURE:1cxx_noexcept
    Feature record: CXX_FEATURE:1cxx_nonstatic_member_init
    Feature record: CXX_FEATURE:1cxx_nullptr
    Feature record: CXX_FEATURE:1cxx_override
    Feature record: CXX_FEATURE:1cxx_range_for
    Feature record: CXX_FEATURE:1cxx_raw_string_literals
    Feature record: CXX_FEATURE:1cxx_reference_qualified_functions
    Feature record: CXX_FEATURE:1cxx_relaxed_constexpr
    Feature record: CXX_FEATURE:1cxx_return_type_deduction
    Feature record: CXX_FEATURE:1cxx_right_angle_brackets
    Feature record: CXX_FEATURE:1cxx_rvalue_references
    Feature record: CXX_FEATURE:1cxx_sizeof_member
    Feature record: CXX_FEATURE:1cxx_static_assert
    Feature record: CXX_FEATURE:1cxx_strong_enums
    Feature record: CXX_FEATURE:1cxx_template_template_parameters
    Feature record: CXX_FEATURE:1cxx_thread_local
    Feature record: CXX_FEATURE:1cxx_trailing_return_types
    Feature record: CXX_FEATURE:1cxx_unicode_literals
    Feature record: CXX_FEATURE:1cxx_uniform_initialization
    Feature record: CXX_FEATURE:1cxx_unrestricted_unions
    Feature record: CXX_FEATURE:1cxx_user_literals
    Feature record: CXX_FEATURE:1cxx_variable_templates
    Feature record: CXX_FEATURE:1cxx_variadic_macros
    Feature record: CXX_FEATURE:1cxx_variadic_templates


Detecting CXX [-std=c++11] compiler features compiled with the following output:
Change Dir: /home/manu/work/mahdi/pagmo2/CMakeFiles/CMakeTmp

Run Build Command:"/usr/bin/make" "cmTC_76a57/fast"
make[1]: Entering directory '/home/manu/work/mahdi/pagmo2/CMakeFiles/CMakeTmp'
/usr/bin/make -f CMakeFiles/cmTC_76a57.dir/build.make CMakeFiles/cmTC_76a57.dir/build
make[2]: Entering directory '/home/manu/work/mahdi/pagmo2/CMakeFiles/CMakeTmp'
Building CXX object CMakeFiles/cmTC_76a57.dir/feature_tests.cxx.o
/usr/bin/c++    -std=c++11 -o CMakeFiles/cmTC_76a57.dir/feature_tests.cxx.o -c /home/manu/work/mahdi/pagmo2/CMakeFiles/feature_tests.cxx
Linking CXX executable cmTC_76a57
/usr/bin/cmake -E cmake_link_script CMakeFiles/cmTC_76a57.dir/link.txt --verbose=1
/usr/bin/c++       -rdynamic CMakeFiles/cmTC_76a57.dir/feature_tests.cxx.o  -o cmTC_76a57 
make[2]: Leaving directory '/home/manu/work/mahdi/pagmo2/CMakeFiles/CMakeTmp'
make[1]: Leaving directory '/home/manu/work/mahdi/pagmo2/CMakeFiles/CMakeTmp'


    Feature record: CXX_FEATURE:0cxx_aggregate_default_initializers
    Feature record: CXX_FEATURE:1cxx_alias_templates
    Feature record: CXX_FEATURE:1cxx_alignas
    Feature record: CXX_FEATURE:1cxx_alignof
    Feature record: CXX_FEATURE:1cxx_attributes
    Feature record: CXX_FEATURE:0cxx_attribute_deprecated
    Feature record: CXX_FEATURE:1cxx_auto_type
    Feature record: CXX_FEATURE:0cxx_binary_literals
    Feature record: CXX_FEATURE:1cxx_constexpr
    Feature record: CXX_FEATURE:0cxx_contextual_conversions
    Feature record: CXX_FEATURE:1cxx_decltype
    Feature record: CXX_FEATURE:0cxx_decltype_auto
    Feature record: CXX_FEATURE:1cxx_decltype_incomplete_return_types
    Feature record: CXX_FEATURE:1cxx_default_function_template_args
    Feature record: CXX_FEATURE:1cxx_defaulted_functions
    Feature record: CXX_FEATURE:1cxx_defaulted_move_initializers
    Feature record: CXX_FEATURE:1cxx_delegating_constructors
    Feature record: CXX_FEATURE:1cxx_deleted_functions
    Feature record: CXX_FEATURE:0cxx_digit_separators
    Feature record: CXX_FEATURE:1cxx_enum_forward_declarations
    Feature record: CXX_FEATURE:1cxx_explicit_conversions
    Feature record: CXX_FEATURE:1cxx_extended_friend_declarations
    Feature record: CXX_FEATURE:1cxx_extern_templates
    Feature record: CXX_FEATURE:1cxx_final
    Feature record: CXX_FEATURE:1cxx_func_identifier
    Feature record: CXX_FEATURE:1cxx_generalized_initializers
    Feature record: CXX_FEATURE:0cxx_generic_lambdas
    Feature record: CXX_FEATURE:1cxx_inheriting_constructors
    Feature record: CXX_FEATURE:1cxx_inline_namespaces
    Feature record: CXX_FEATURE:1cxx_lambdas
    Feature record: CXX_FEATURE:0cxx_lambda_init_captures
    Feature record: CXX_FEATURE:1cxx_local_type_template_args
    Feature record: CXX_FEATURE:1cxx_long_long_type
    Feature record: CXX_FEATURE:1cxx_noexcept
    Feature record: CXX_FEATURE:1cxx_nonstatic_member_init
    Feature record: CXX_FEATURE:1cxx_nullptr
    Feature record: CXX_FEATURE:1cxx_override
    Feature record: CXX_FEATURE:1cxx_range_for
    Feature record: CXX_FEATURE:1cxx_raw_string_literals
    Feature record: CXX_FEATURE:1cxx_reference_qualified_functions
    Feature record: CXX_FEATURE:0cxx_relaxed_constexpr
    Feature record: CXX_FEATURE:0cxx_return_type_deduction
    Feature record: CXX_FEATURE:1cxx_right_angle_brackets
    Feature record: CXX_FEATURE:1cxx_rvalue_references
    Feature record: CXX_FEATURE:1cxx_sizeof_member
    Feature record: CXX_FEATURE:1cxx_static_assert
    Feature record: CXX_FEATURE:1cxx_strong_enums
    Feature record: CXX_FEATURE:1cxx_template_template_parameters
    Feature record: CXX_FEATURE:1cxx_thread_local
    Feature record: CXX_FEATURE:1cxx_trailing_return_types
    Feature record: CXX_FEATURE:1cxx_unicode_literals
    Feature record: CXX_FEATURE:1cxx_uniform_initialization
    Feature record: CXX_FEATURE:1cxx_unrestricted_unions
    Feature record: CXX_FEATURE:1cxx_user_literals
    Feature record: CXX_FEATURE:0cxx_variable_templates
    Feature record: CXX_FEATURE:1cxx_variadic_macros
    Feature record: CXX_FEATURE:1cxx_variadic_templates


Detecting CXX [-std=c++98] compiler features compiled with the following output:
Change Dir: /home/manu/work/mahdi/pagmo2/CMakeFiles/CMakeTmp

Run Build Command:"/usr/bin/make" "cmTC_148c9/fast"
make[1]: Entering directory '/home/manu/work/mahdi/pagmo2/CMakeFiles/CMakeTmp'
/usr/bin/make -f CMakeFiles/cmTC_148c9.dir/build.make CMakeFiles/cmTC_148c9.dir/build
make[2]: Entering directory '/home/manu/work/mahdi/pagmo2/CMakeFiles/CMakeTmp'
Building CXX object CMakeFiles/cmTC_148c9.dir/feature_tests.cxx.o
/usr/bin/c++    -std=c++98 -o CMakeFiles/cmTC_148c9.dir/feature_tests.cxx.o -c /home/manu/work/mahdi/pagmo2/CMakeFiles/feature_tests.cxx
Linking CXX executable cmTC_148c9
/usr/bin/cmake -E cmake_link_script CMakeFiles/cmTC_148c9.dir/link.txt --verbose=1
/usr/bin/c++       -rdynamic CMakeFiles/cmTC_148c9.dir/feature_tests.cxx.o  -o cmTC_148c9 
make[2]: Leaving directory '/home/manu/work/mahdi/pagmo2/CMakeFiles/CMakeTmp'
make[1]: Leaving directory '/home/manu/work/mahdi/pagmo2/CMakeFiles/CMakeTmp'


    Feature record: CXX_FEATURE:0cxx_aggregate_default_initializers
    Feature record: CXX_FEATURE:0cxx_alias_templates
    Feature record: CXX_FEATURE:0cxx_alignas
    Feature record: CXX_FEATURE:0cxx_alignof
    Feature record: CXX_FEATURE:0cxx_attributes
    Feature record: CXX_FEATURE:0cxx_attribute_deprecated
    Feature record: CXX_FEATURE:0cxx_auto_type
    Feature record: CXX_FEATURE:0cxx_binary_literals
    Feature record: CXX_FEATURE:0cxx_constexpr
    Feature record: CXX_FEATURE:0cxx_contextual_conversions
    Feature record: CXX_FEATURE:0cxx_decltype
    Feature record: CXX_FEATURE:0cxx_decltype_auto
    Feature record: CXX_FEATURE:0cxx_decltype_incomplete_return_types
    Feature record: CXX_FEATURE:0cxx_default_function_template_args
    Feature record: CXX_FEATURE:0cxx_defaulted_functions
    Feature record: CXX_FEATURE:0cxx_defaulted_move_initializers
    Feature record: CXX_FEATURE:0cxx_delegating_constructors
    Feature record: CXX_FEATURE:0cxx_deleted_functions
    Feature record: CXX_FEATURE:0cxx_digit_separators
    Feature record: CXX_FEATURE:0cxx_enum_forward_declarations
    Feature record: CXX_FEATURE:0cxx_explicit_conversions
    Feature record: CXX_FEATURE:0cxx_extended_friend_declarations
    Feature record: CXX_FEATURE:0cxx_extern_templates
    Feature record: CXX_FEATURE:0cxx_final
    Feature record: CXX_FEATURE:0cxx_func_identifier
    Feature record: CXX_FEATURE:0cxx_generalized_initializers
    Feature record: CXX_FEATURE:0cxx_generic_lambdas
    Feature record: CXX_FEATURE:0cxx_inheriting_constructors
    Feature record: CXX_FEATURE:0cxx_inline_namespaces
    Feature record: CXX_FEATURE:0cxx_lambdas
    Feature record: CXX_FEATURE:0cxx_lambda_init_captures
    Feature record: CXX_FEATURE:0cxx_local_type_template_args
    Feature record: CXX_FEATURE:0cxx_long_long_type
    Feature record: CXX_FEATURE:0cxx_noexcept
    Feature record: CXX_FEATURE:0cxx_nonstatic_member_init
    Feature record: CXX_FEATURE:0cxx_nullptr
    Feature record: CXX_FEATURE:0cxx_override
    Feature record: CXX_FEATURE:0cxx_range_for
    Feature record: CXX_FEATURE:0cxx_raw_string_literals
    Feature record: CXX_FEATURE:0cxx_reference_qualified_functions
    Feature record: CXX_FEATURE:0cxx_relaxed_constexpr
    Feature record: CXX_FEATURE:0cxx_return_type_deduction
    Feature record: CXX_FEATURE:0cxx_right_angle_brackets
    Feature record: CXX_FEATURE:0cxx_rvalue_references
    Feature record: CXX_FEATURE:0cxx_sizeof_member
    Feature record: CXX_FEATURE:0cxx_static_assert
    Feature record: CXX_FEATURE:0cxx_strong_enums
    Feature record: CXX_FEATURE:1cxx_template_template_parameters
    Feature record: CXX_FEATURE:0cxx_thread_local
    Feature record: CXX_FEATURE:0cxx_trailing_return_types
    Feature record: CXX_FEATURE:0cxx_unicode_literals
    Feature record: CXX_FEATURE:0cxx_uniform_initialization
    Feature record: CXX_FEATURE:0cxx_unrestricted_unions
    Feature record: CXX_FEATURE:0cxx_user_literals
    Feature record: CXX_FEATURE:0cxx_variable_templates
    Feature record: CXX_FEATURE:0cxx_variadic_macros
    Feature record: CXX_FEATURE:0cxx_variadic_templates
Determining if the C compiler works passed with the following output:
Change Dir: /home/manu/work/mahdi/pagmo2/CMakeFiles/CMakeTmp

Run Build Command:"/usr/bin/make" "cmTC_b11a0/fast"
make[1]: Entering directory '/home/manu/work/mahdi/pagmo2/CMakeFiles/CMakeTmp'
/usr/bin/make -f CMakeFiles/cmTC_b11a0.dir/build.make CMakeFiles/cmTC_b11a0.dir/build
make[2]: Entering directory '/home/manu/work/mahdi/pagmo2/CMakeFiles/CMakeTmp'
Building C object CMakeFiles/cmTC_b11a0.dir/testCCompiler.c.o
/usr/bin/cc    -o CMakeFiles/cmTC_b11a0.dir/testCCompiler.c.o   -c /home/manu/work/mahdi/pagmo2/CMakeFiles/CMakeTmp/testCCompiler.c
Linking C executable cmTC_b11a0
/usr/bin/cmake -E cmake_link_script CMakeFiles/cmTC_b11a0.dir/link.txt --verbose=1
/usr/bin/cc      -rdynamic CMakeFiles/cmTC_b11a0.dir/testCCompiler.c.o  -o cmTC_b11a0 
make[2]: Leaving directory '/home/manu/work/mahdi/pagmo2/CMakeFiles/CMakeTmp'
make[1]: Leaving directory '/home/manu/work/mahdi/pagmo2/CMakeFiles/CMakeTmp'


Detecting C compiler ABI info compiled with the following output:
Change Dir: /home/manu/work/mahdi/pagmo2/CMakeFiles/CMakeTmp

Run Build Command:"/usr/bin/make" "cmTC_c19c1/fast"
make[1]: Entering directory '/home/manu/work/mahdi/pagmo2/CMakeFiles/CMakeTmp'
/usr/bin/make -f CMakeFiles/cmTC_c19c1.dir/build.make CMakeFiles/cmTC_c19c1.dir/build
make[2]: Entering directory '/home/manu/work/mahdi/pagmo2/CMakeFiles/CMakeTmp'
Building C object CMakeFiles/cmTC_c19c1.dir/CMakeCCompilerABI.c.o
/usr/bin/cc    -o CMakeFiles/cmTC_c19c1.dir/CMakeCCompilerABI.c.o   -c /usr/share/cmake-3.10/Modules/CMakeCCompilerABI.c
Linking C executable cmTC_c19c1
/usr/bin/cmake -E cmake_link_script CMakeFiles/cmTC_c19c1.dir/link.txt --verbose=1
/usr/bin/cc     -v -rdynamic CMakeFiles/cmTC_c19c1.dir/CMakeCCompilerABI.c.o  -o cmTC_c19c1 
Using built-in specs.
COLLECT_GCC=/usr/bin/cc
COLLECT_LTO_WRAPPER=/usr/lib/gcc/x86_64-linux-gnu/7/lto-wrapper
OFFLOAD_TARGET_NAMES=nvptx-none
OFFLOAD_TARGET_DEFAULT=1
Target: x86_64-linux-gnu
Configured with: ../src/configure -v --with-pkgversion='Ubuntu 7.3.0-27ubuntu1~18.04' --with-bugurl=file:///usr/share/doc/gcc-7/README.Bugs --enable-languages=c,ada,c++,go,brig,d,fortran,objc,obj-c++ --prefix=/usr --with-gcc-major-version-only --program-suffix=-7 --program-prefix=x86_64-linux-gnu- --enable-shared --enable-linker-build-id --libexecdir=/usr/lib --without-included-gettext --enable-threads=posix --libdir=/usr/lib --enable-nls --with-sysroot=/ --enable-clocale=gnu --enable-libstdcxx-debug --enable-libstdcxx-time=yes --with-default-libstdcxx-abi=new --enable-gnu-unique-object --disable-vtable-verify --enable-libmpx --enable-plugin --enable-default-pie --with-system-zlib --with-target-system-zlib --enable-objc-gc=auto --enable-multiarch --disable-werror --with-arch-32=i686 --with-abi=m64 --with-multilib-list=m32,m64,mx32 --enable-multilib --with-tune=generic --enable-offload-targets=nvptx-none --without-cuda-driver --enable-checking=release --build=x86_64-linux-gnu --host=x86_64-linux-gnu --target=x86_64-linux-gnu
Thread model: posix
gcc version 7.3.0 (Ubuntu 7.3.0-27ubuntu1~18.04) 
COMPILER_PATH=/usr/lib/gcc/x86_64-linux-gnu/7/:/usr/lib/gcc/x86_64-linux-gnu/7/:/usr/lib/gcc/x86_64-linux-gnu/:/usr/lib/gcc/x86_64-linux-gnu/7/:/usr/lib/gcc/x86_64-linux-gnu/
LIBRARY_PATH=/usr/lib/gcc/x86_64-linux-gnu/7/:/usr/lib/gcc/x86_64-linux-gnu/7/../../../x86_64-linux-gnu/:/usr/lib/gcc/x86_64-linux-gnu/7/../../../../lib/:/lib/x86_64-linux-gnu/:/lib/../lib/:/usr/lib/x86_64-linux-gnu/:/usr/lib/../lib/:/usr/lib/gcc/x86_64-linux-gnu/7/../../../:/lib/:/usr/lib/
COLLECT_GCC_OPTIONS='-v' '-rdynamic' '-o' 'cmTC_c19c1' '-mtune=generic' '-march=x86-64'
 /usr/lib/gcc/x86_64-linux-gnu/7/collect2 -plugin /usr/lib/gcc/x86_64-linux-gnu/7/liblto_plugin.so -plugin-opt=/usr/lib/gcc/x86_64-linux-gnu/7/lto-wrapper -plugin-opt=-fresolution=/tmp/ccsSgWye.res -plugin-opt=-pass-through=-lgcc -plugin-opt=-pass-through=-lgcc_s -plugin-opt=-pass-through=-lc -plugin-opt=-pass-through=-lgcc -plugin-opt=-pass-through=-lgcc_s --sysroot=/ --build-id --eh-frame-hdr -m elf_x86_64 --hash-style=gnu --as-needed -export-dynamic -dynamic-linker /lib64/ld-linux-x86-64.so.2 -pie -z now -z relro -o cmTC_c19c1 /usr/lib/gcc/x86_64-linux-gnu/7/../../../x86_64-linux-gnu/Scrt1.o /usr/lib/gcc/x86_64-linux-gnu/7/../../../x86_64-linux-gnu/crti.o /usr/lib/gcc/x86_64-linux-gnu/7/crtbeginS.o -L/usr/lib/gcc/x86_64-linux-gnu/7 -L/usr/lib/gcc/x86_64-linux-gnu/7/../../../x86_64-linux-gnu -L/usr/lib/gcc/x86_64-linux-gnu/7/../../../../lib -L/lib/x86_64-linux-gnu -L/lib/../lib -L/usr/lib/x86_64-linux-gnu -L/usr/lib/../lib -L/usr/lib/gcc/x86_64-linux-gnu/7/../../.. CMakeFiles/cmTC_c19c1.dir/CMakeCCompilerABI.c.o -lgcc --push-state --as-needed -lgcc_s --pop-state -lc -lgcc --push-state --as-needed -lgcc_s --pop-state /usr/lib/gcc/x86_64-linux-gnu/7/crtendS.o /usr/lib/gcc/x86_64-linux-gnu/7/../../../x86_64-linux-gnu/crtn.o
COLLECT_GCC_OPTIONS='-v' '-rdynamic' '-o' 'cmTC_c19c1' '-mtune=generic' '-march=x86-64'
make[2]: Leaving directory '/home/manu/work/mahdi/pagmo2/CMakeFiles/CMakeTmp'
make[1]: Leaving directory '/home/manu/work/mahdi/pagmo2/CMakeFiles/CMakeTmp'


Parsed C implicit link information from above output:
  link line regex: [^( *|.*[/\])(ld|CMAKE_LINK_STARTFILE-NOTFOUND|([^/\]+-)?ld|collect2)[^/\]*( |$)]
  ignore line: [Change Dir: /home/manu/work/mahdi/pagmo2/CMakeFiles/CMakeTmp]
  ignore line: []
  ignore line: [Run Build Command:"/usr/bin/make" "cmTC_c19c1/fast"]
  ignore line: [make[1]: Entering directory '/home/manu/work/mahdi/pagmo2/CMakeFiles/CMakeTmp']
  ignore line: [/usr/bin/make -f CMakeFiles/cmTC_c19c1.dir/build.make CMakeFiles/cmTC_c19c1.dir/build]
  ignore line: [make[2]: Entering directory '/home/manu/work/mahdi/pagmo2/CMakeFiles/CMakeTmp']
  ignore line: [Building C object CMakeFiles/cmTC_c19c1.dir/CMakeCCompilerABI.c.o]
  ignore line: [/usr/bin/cc    -o CMakeFiles/cmTC_c19c1.dir/CMakeCCompilerABI.c.o   -c /usr/share/cmake-3.10/Modules/CMakeCCompilerABI.c]
  ignore line: [Linking C executable cmTC_c19c1]
  ignore line: [/usr/bin/cmake -E cmake_link_script CMakeFiles/cmTC_c19c1.dir/link.txt --verbose=1]
  ignore line: [/usr/bin/cc     -v -rdynamic CMakeFiles/cmTC_c19c1.dir/CMakeCCompilerABI.c.o  -o cmTC_c19c1 ]
  ignore line: [Using built-in specs.]
  ignore line: [COLLECT_GCC=/usr/bin/cc]
  ignore line: [COLLECT_LTO_WRAPPER=/usr/lib/gcc/x86_64-linux-gnu/7/lto-wrapper]
  ignore line: [OFFLOAD_TARGET_NAMES=nvptx-none]
  ignore line: [OFFLOAD_TARGET_DEFAULT=1]
  ignore line: [Target: x86_64-linux-gnu]
  ignore line: [Configured with: ../src/configure -v --with-pkgversion='Ubuntu 7.3.0-27ubuntu1~18.04' --with-bugurl=file:///usr/share/doc/gcc-7/README.Bugs --enable-languages=c,ada,c++,go,brig,d,fortran,objc,obj-c++ --prefix=/usr --with-gcc-major-version-only --program-suffix=-7 --program-prefix=x86_64-linux-gnu- --enable-shared --enable-linker-build-id --libexecdir=/usr/lib --without-included-gettext --enable-threads=posix --libdir=/usr/lib --enable-nls --with-sysroot=/ --enable-clocale=gnu --enable-libstdcxx-debug --enable-libstdcxx-time=yes --with-default-libstdcxx-abi=new --enable-gnu-unique-object --disable-vtable-verify --enable-libmpx --enable-plugin --enable-default-pie --with-system-zlib --with-target-system-zlib --enable-objc-gc=auto --enable-multiarch --disable-werror --with-arch-32=i686 --with-abi=m64 --with-multilib-list=m32,m64,mx32 --enable-multilib --with-tune=generic --enable-offload-targets=nvptx-none --without-cuda-driver --enable-checking=release --build=x86_64-linux-gnu --host=x86_64-linux-gnu --target=x86_64-linux-gnu]
  ignore line: [Thread model: posix]
  ignore line: [gcc version 7.3.0 (Ubuntu 7.3.0-27ubuntu1~18.04) ]
  ignore line: [COMPILER_PATH=/usr/lib/gcc/x86_64-linux-gnu/7/:/usr/lib/gcc/x86_64-linux-gnu/7/:/usr/lib/gcc/x86_64-linux-gnu/:/usr/lib/gcc/x86_64-linux-gnu/7/:/usr/lib/gcc/x86_64-linux-gnu/]
  ignore line: [LIBRARY_PATH=/usr/lib/gcc/x86_64-linux-gnu/7/:/usr/lib/gcc/x86_64-linux-gnu/7/../../../x86_64-linux-gnu/:/usr/lib/gcc/x86_64-linux-gnu/7/../../../../lib/:/lib/x86_64-linux-gnu/:/lib/../lib/:/usr/lib/x86_64-linux-gnu/:/usr/lib/../lib/:/usr/lib/gcc/x86_64-linux-gnu/7/../../../:/lib/:/usr/lib/]
  ignore line: [COLLECT_GCC_OPTIONS='-v' '-rdynamic' '-o' 'cmTC_c19c1' '-mtune=generic' '-march=x86-64']
  link line: [ /usr/lib/gcc/x86_64-linux-gnu/7/collect2 -plugin /usr/lib/gcc/x86_64-linux-gnu/7/liblto_plugin.so -plugin-opt=/usr/lib/gcc/x86_64-linux-gnu/7/lto-wrapper -plugin-opt=-fresolution=/tmp/ccsSgWye.res -plugin-opt=-pass-through=-lgcc -plugin-opt=-pass-through=-lgcc_s -plugin-opt=-pass-through=-lc -plugin-opt=-pass-through=-lgcc -plugin-opt=-pass-through=-lgcc_s --sysroot=/ --build-id --eh-frame-hdr -m elf_x86_64 --hash-style=gnu --as-needed -export-dynamic -dynamic-linker /lib64/ld-linux-x86-64.so.2 -pie -z now -z relro -o cmTC_c19c1 /usr/lib/gcc/x86_64-linux-gnu/7/../../../x86_64-linux-gnu/Scrt1.o /usr/lib/gcc/x86_64-linux-gnu/7/../../../x86_64-linux-gnu/crti.o /usr/lib/gcc/x86_64-linux-gnu/7/crtbeginS.o -L/usr/lib/gcc/x86_64-linux-gnu/7 -L/usr/lib/gcc/x86_64-linux-gnu/7/../../../x86_64-linux-gnu -L/usr/lib/gcc/x86_64-linux-gnu/7/../../../../lib -L/lib/x86_64-linux-gnu -L/lib/../lib -L/usr/lib/x86_64-linux-gnu -L/usr/lib/../lib -L/usr/lib/gcc/x86_64-linux-gnu/7/../../.. CMakeFiles/cmTC_c19c1.dir/CMakeCCompilerABI.c.o -lgcc --push-state --as-needed -lgcc_s --pop-state -lc -lgcc --push-state --as-needed -lgcc_s --pop-state /usr/lib/gcc/x86_64-linux-gnu/7/crtendS.o /usr/lib/gcc/x86_64-linux-gnu/7/../../../x86_64-linux-gnu/crtn.o]
    arg [/usr/lib/gcc/x86_64-linux-gnu/7/collect2] ==> ignore
    arg [-plugin] ==> ignore
    arg [/usr/lib/gcc/x86_64-linux-gnu/7/liblto_plugin.so] ==> ignore
    arg [-plugin-opt=/usr/lib/gcc/x86_64-linux-gnu/7/lto-wrapper] ==> ignore
    arg [-plugin-opt=-fresolution=/tmp/ccsSgWye.res] ==> ignore
    arg [-plugin-opt=-pass-through=-lgcc] ==> ignore
    arg [-plugin-opt=-pass-through=-lgcc_s] ==> ignore
    arg [-plugin-opt=-pass-through=-lc] ==> ignore
    arg [-plugin-opt=-pass-through=-lgcc] ==> ignore
    arg [-plugin-opt=-pass-through=-lgcc_s] ==> ignore
    arg [--sysroot=/] ==> ignore
    arg [--build-id] ==> ignore
    arg [--eh-frame-hdr] ==> ignore
    arg [-m] ==> ignore
    arg [elf_x86_64] ==> ignore
    arg [--hash-style=gnu] ==> ignore
    arg [--as-needed] ==> ignore
    arg [-export-dynamic] ==> ignore
    arg [-dynamic-linker] ==> ignore
    arg [/lib64/ld-linux-x86-64.so.2] ==> ignore
    arg [-pie] ==> ignore
    arg [-znow] ==> ignore
    arg [-zrelro] ==> ignore
    arg [-o] ==> ignore
    arg [cmTC_c19c1] ==> ignore
    arg [/usr/lib/gcc/x86_64-linux-gnu/7/../../../x86_64-linux-gnu/Scrt1.o] ==> ignore
    arg [/usr/lib/gcc/x86_64-linux-gnu/7/../../../x86_64-linux-gnu/crti.o] ==> ignore
    arg [/usr/lib/gcc/x86_64-linux-gnu/7/crtbeginS.o] ==> ignore
    arg [-L/usr/lib/gcc/x86_64-linux-gnu/7] ==> dir [/usr/lib/gcc/x86_64-linux-gnu/7]
    arg [-L/usr/lib/gcc/x86_64-linux-gnu/7/../../../x86_64-linux-gnu] ==> dir [/usr/lib/gcc/x86_64-linux-gnu/7/../../../x86_64-linux-gnu]
    arg [-L/usr/lib/gcc/x86_64-linux-gnu/7/../../../../lib] ==> dir [/usr/lib/gcc/x86_64-linux-gnu/7/../../../../lib]
    arg [-L/lib/x86_64-linux-gnu] ==> dir [/lib/x86_64-linux-gnu]
    arg [-L/lib/../lib] ==> dir [/lib/../lib]
    arg [-L/usr/lib/x86_64-linux-gnu] ==> dir [/usr/lib/x86_64-linux-gnu]
    arg [-L/usr/lib/../lib] ==> dir [/usr/lib/../lib]
    arg [-L/usr/lib/gcc/x86_64-linux-gnu/7/../../..] ==> dir [/usr/lib/gcc/x86_64-linux-gnu/7/../../..]
    arg [CMakeFiles/cmTC_c19c1.dir/CMakeCCompilerABI.c.o] ==> ignore
    arg [-lgcc] ==> lib [gcc]
    arg [--push-state] ==> ignore
    arg [--as-needed] ==> ignore
    arg [-lgcc_s] ==> lib [gcc_s]
    arg [--pop-state] ==> ignore
    arg [-lc] ==> lib [c]
    arg [-lgcc] ==> lib [gcc]
    arg [--push-state] ==> ignore
    arg [--as-needed] ==> ignore
    arg [-lgcc_s] ==> lib [gcc_s]
    arg [--pop-state] ==> ignore
    arg [/usr/lib/gcc/x86_64-linux-gnu/7/crtendS.o] ==> ignore
    arg [/usr/lib/gcc/x86_64-linux-gnu/7/../../../x86_64-linux-gnu/crtn.o] ==> ignore
  collapse library dir [/usr/lib/gcc/x86_64-linux-gnu/7] ==> [/usr/lib/gcc/x86_64-linux-gnu/7]
  collapse library dir [/usr/lib/gcc/x86_64-linux-gnu/7/../../../x86_64-linux-gnu] ==> [/usr/lib/x86_64-linux-gnu]
  collapse library dir [/usr/lib/gcc/x86_64-linux-gnu/7/../../../../lib] ==> [/usr/lib]
  collapse library dir [/lib/x86_64-linux-gnu] ==> [/lib/x86_64-linux-gnu]
  collapse library dir [/lib/../lib] ==> [/lib]
  collapse library dir [/usr/lib/x86_64-linux-gnu] ==> [/usr/lib/x86_64-linux-gnu]
  collapse library dir [/usr/lib/../lib] ==> [/usr/lib]
  collapse library dir [/usr/lib/gcc/x86_64-linux-gnu/7/../../..] ==> [/usr/lib]
  implicit libs: [gcc;gcc_s;c;gcc;gcc_s]
  implicit dirs: [/usr/lib/gcc/x86_64-linux-gnu/7;/usr/lib/x86_64-linux-gnu;/usr/lib;/lib/x86_64-linux-gnu;/lib]
  implicit fwks: []




Detecting C [-std=c11] compiler features compiled with the following output:
Change Dir: /home/manu/work/mahdi/pagmo2/CMakeFiles/CMakeTmp

Run Build Command:"/usr/bin/make" "cmTC_cd424/fast"
make[1]: Entering directory '/home/manu/work/mahdi/pagmo2/CMakeFiles/CMakeTmp'
/usr/bin/make -f CMakeFiles/cmTC_cd424.dir/build.make CMakeFiles/cmTC_cd424.dir/build
make[2]: Entering directory '/home/manu/work/mahdi/pagmo2/CMakeFiles/CMakeTmp'
Building C object CMakeFiles/cmTC_cd424.dir/feature_tests.c.o
/usr/bin/cc   -std=c11 -o CMakeFiles/cmTC_cd424.dir/feature_tests.c.o   -c /home/manu/work/mahdi/pagmo2/CMakeFiles/feature_tests.c
Linking C executable cmTC_cd424
/usr/bin/cmake -E cmake_link_script CMakeFiles/cmTC_cd424.dir/link.txt --verbose=1
/usr/bin/cc      -rdynamic CMakeFiles/cmTC_cd424.dir/feature_tests.c.o  -o cmTC_cd424 
make[2]: Leaving directory '/home/manu/work/mahdi/pagmo2/CMakeFiles/CMakeTmp'
make[1]: Leaving directory '/home/manu/work/mahdi/pagmo2/CMakeFiles/CMakeTmp'


    Feature record: C_FEATURE:1c_function_prototypes
    Feature record: C_FEATURE:1c_restrict
    Feature record: C_FEATURE:1c_static_assert
    Feature record: C_FEATURE:1c_variadic_macros


Detecting C [-std=c99] compiler features compiled with the following output:
Change Dir: /home/manu/work/mahdi/pagmo2/CMakeFiles/CMakeTmp

Run Build Command:"/usr/bin/make" "cmTC_d14ae/fast"
make[1]: Entering directory '/home/manu/work/mahdi/pagmo2/CMakeFiles/CMakeTmp'
/usr/bin/make -f CMakeFiles/cmTC_d14ae.dir/build.make CMakeFiles/cmTC_d14ae.dir/build
make[2]: Entering directory '/home/manu/work/mahdi/pagmo2/CMakeFiles/CMakeTmp'
Building C object CMakeFiles/cmTC_d14ae.dir/feature_tests.c.o
/usr/bin/cc   -std=c99 -o CMakeFiles/cmTC_d14ae.dir/feature_tests.c.o   -c /home/manu/work/mahdi/pagmo2/CMakeFiles/feature_tests.c
Linking C executable cmTC_d14ae
/usr/bin/cmake -E cmake_link_script CMakeFiles/cmTC_d14ae.dir/link.txt --verbose=1
/usr/bin/cc      -rdynamic CMakeFiles/cmTC_d14ae.dir/feature_tests.c.o  -o cmTC_d14ae 
make[2]: Leaving directory '/home/manu/work/mahdi/pagmo2/CMakeFiles/CMakeTmp'
make[1]: Leaving directory '/home/manu/work/mahdi/pagmo2/CMakeFiles/CMakeTmp'


    Feature record: C_FEATURE:1c_function_prototypes
    Feature record: C_FEATURE:1c_restrict
    Feature record: C_FEATURE:0c_static_assert
    Feature record: C_FEATURE:1c_variadic_macros


Detecting C [-std=c90] compiler features compiled with the following output:
Change Dir: /home/manu/work/mahdi/pagmo2/CMakeFiles/CMakeTmp

Run Build Command:"/usr/bin/make" "cmTC_22504/fast"
make[1]: Entering directory '/home/manu/work/mahdi/pagmo2/CMakeFiles/CMakeTmp'
/usr/bin/make -f CMakeFiles/cmTC_22504.dir/build.make CMakeFiles/cmTC_22504.dir/build
make[2]: Entering directory '/home/manu/work/mahdi/pagmo2/CMakeFiles/CMakeTmp'
Building C object CMakeFiles/cmTC_22504.dir/feature_tests.c.o
/usr/bin/cc   -std=c90 -o CMakeFiles/cmTC_22504.dir/feature_tests.c.o   -c /home/manu/work/mahdi/pagmo2/CMakeFiles/feature_tests.c
Linking C executable cmTC_22504
/usr/bin/cmake -E cmake_link_script CMakeFiles/cmTC_22504.dir/link.txt --verbose=1
/usr/bin/cc      -rdynamic CMakeFiles/cmTC_22504.dir/feature_tests.c.o  -o cmTC_22504 
make[2]: Leaving directory '/home/manu/work/mahdi/pagmo2/CMakeFiles/CMakeTmp'
make[1]: Leaving directory '/home/manu/work/mahdi/pagmo2/CMakeFiles/CMakeTmp'


    Feature record: C_FEATURE:1c_function_prototypes
    Feature record: C_FEATURE:0c_restrict
    Feature record: C_FEATURE:0c_static_assert
    Feature record: C_FEATURE:0c_variadic_macros
Determining if the include file sys/types.h exists passed with the following output:
Change Dir: /home/manu/work/mahdi/pagmo2/CMakeFiles/CMakeTmp

Run Build Command:"/usr/bin/make" "cmTC_5390a/fast"
make[1]: Entering directory '/home/manu/work/mahdi/pagmo2/CMakeFiles/CMakeTmp'
/usr/bin/make -f CMakeFiles/cmTC_5390a.dir/build.make CMakeFiles/cmTC_5390a.dir/build
make[2]: Entering directory '/home/manu/work/mahdi/pagmo2/CMakeFiles/CMakeTmp'
Building CXX object CMakeFiles/cmTC_5390a.dir/CheckIncludeFile.cxx.o
/usr/bin/c++     -o CMakeFiles/cmTC_5390a.dir/CheckIncludeFile.cxx.o -c /home/manu/work/mahdi/pagmo2/CMakeFiles/CMakeTmp/CheckIncludeFile.cxx
Linking CXX executable cmTC_5390a
/usr/bin/cmake -E cmake_link_script CMakeFiles/cmTC_5390a.dir/link.txt --verbose=1
/usr/bin/c++       -rdynamic CMakeFiles/cmTC_5390a.dir/CheckIncludeFile.cxx.o  -o cmTC_5390a 
make[2]: Leaving directory '/home/manu/work/mahdi/pagmo2/CMakeFiles/CMakeTmp'
make[1]: Leaving directory '/home/manu/work/mahdi/pagmo2/CMakeFiles/CMakeTmp'


Determining if the include file sys/wait.h exists passed with the following output:
Change Dir: /home/manu/work/mahdi/pagmo2/CMakeFiles/CMakeTmp

Run Build Command:"/usr/bin/make" "cmTC_a144b/fast"
make[1]: Entering directory '/home/manu/work/mahdi/pagmo2/CMakeFiles/CMakeTmp'
/usr/bin/make -f CMakeFiles/cmTC_a144b.dir/build.make CMakeFiles/cmTC_a144b.dir/build
make[2]: Entering directory '/home/manu/work/mahdi/pagmo2/CMakeFiles/CMakeTmp'
Building CXX object CMakeFiles/cmTC_a144b.dir/CheckIncludeFile.cxx.o
/usr/bin/c++     -o CMakeFiles/cmTC_a144b.dir/CheckIncludeFile.cxx.o -c /home/manu/work/mahdi/pagmo2/CMakeFiles/CMakeTmp/CheckIncludeFile.cxx
Linking CXX executable cmTC_a144b
/usr/bin/cmake -E cmake_link_script CMakeFiles/cmTC_a144b.dir/link.txt --verbose=1
/usr/bin/c++       -rdynamic CMakeFiles/cmTC_a144b.dir/CheckIncludeFile.cxx.o  -o cmTC_a144b 
make[2]: Leaving directory '/home/manu/work/mahdi/pagmo2/CMakeFiles/CMakeTmp'
make[1]: Leaving directory '/home/manu/work/mahdi/pagmo2/CMakeFiles/CMakeTmp'


Determining if the include file unistd.h exists passed with the following output:
Change Dir: /home/manu/work/mahdi/pagmo2/CMakeFiles/CMakeTmp

Run Build Command:"/usr/bin/make" "cmTC_42b89/fast"
make[1]: Entering directory '/home/manu/work/mahdi/pagmo2/CMakeFiles/CMakeTmp'
/usr/bin/make -f CMakeFiles/cmTC_42b89.dir/build.make CMakeFiles/cmTC_42b89.dir/build
make[2]: Entering directory '/home/manu/work/mahdi/pagmo2/CMakeFiles/CMakeTmp'
Building CXX object CMakeFiles/cmTC_42b89.dir/CheckIncludeFile.cxx.o
/usr/bin/c++     -o CMakeFiles/cmTC_42b89.dir/CheckIncludeFile.cxx.o -c /home/manu/work/mahdi/pagmo2/CMakeFiles/CMakeTmp/CheckIncludeFile.cxx
Linking CXX executable cmTC_42b89
/usr/bin/cmake -E cmake_link_script CMakeFiles/cmTC_42b89.dir/link.txt --verbose=1
/usr/bin/c++       -rdynamic CMakeFiles/cmTC_42b89.dir/CheckIncludeFile.cxx.o  -o cmTC_42b89 
make[2]: Leaving directory '/home/manu/work/mahdi/pagmo2/CMakeFiles/CMakeTmp'
make[1]: Leaving directory '/home/manu/work/mahdi/pagmo2/CMakeFiles/CMakeTmp'


Determining if the fork exist passed with the following output:
Change Dir: /home/manu/work/mahdi/pagmo2/CMakeFiles/CMakeTmp

Run Build Command:"/usr/bin/make" "cmTC_a27da/fast"
make[1]: Entering directory '/home/manu/work/mahdi/pagmo2/CMakeFiles/CMakeTmp'
/usr/bin/make -f CMakeFiles/cmTC_a27da.dir/build.make CMakeFiles/cmTC_a27da.dir/build
make[2]: Entering directory '/home/manu/work/mahdi/pagmo2/CMakeFiles/CMakeTmp'
Building CXX object CMakeFiles/cmTC_a27da.dir/CheckSymbolExists.cxx.o
/usr/bin/c++  -D_POSIX_C_SOURCE=1   -o CMakeFiles/cmTC_a27da.dir/CheckSymbolExists.cxx.o -c /home/manu/work/mahdi/pagmo2/CMakeFiles/CMakeTmp/CheckSymbolExists.cxx
Linking CXX executable cmTC_a27da
/usr/bin/cmake -E cmake_link_script CMakeFiles/cmTC_a27da.dir/link.txt --verbose=1
/usr/bin/c++       -rdynamic CMakeFiles/cmTC_a27da.dir/CheckSymbolExists.cxx.o  -o cmTC_a27da 
make[2]: Leaving directory '/home/manu/work/mahdi/pagmo2/CMakeFiles/CMakeTmp'
make[1]: Leaving directory '/home/manu/work/mahdi/pagmo2/CMakeFiles/CMakeTmp'

File /home/manu/work/mahdi/pagmo2/CMakeFiles/CMakeTmp/CheckSymbolExists.cxx:
/* */
#include <unistd.h>
#include <sys/types.h>

int main(int argc, char** argv)
{
  (void)argv;
#ifndef fork
  return ((int*)(&fork))[argc];
#else
  (void)argc;
  return 0;
#endif
}

Performing C++ SOURCE FILE Test YACMA_CHECK_CXX_FLAG succeeded with the following output:
Change Dir: /home/manu/work/mahdi/pagmo2/CMakeFiles/CMakeTmp

Run Build Command:"/usr/bin/make" "cmTC_e0cf6/fast"
make[1]: Entering directory '/home/manu/work/mahdi/pagmo2/CMakeFiles/CMakeTmp'
/usr/bin/make -f CMakeFiles/cmTC_e0cf6.dir/build.make CMakeFiles/cmTC_e0cf6.dir/build
make[2]: Entering directory '/home/manu/work/mahdi/pagmo2/CMakeFiles/CMakeTmp'
Building CXX object CMakeFiles/cmTC_e0cf6.dir/src.cxx.o
/usr/bin/c++    -DYACMA_CHECK_CXX_FLAG   -fdiagnostics-color=auto -o CMakeFiles/cmTC_e0cf6.dir/src.cxx.o -c /home/manu/work/mahdi/pagmo2/CMakeFiles/CMakeTmp/src.cxx
Linking CXX executable cmTC_e0cf6
/usr/bin/cmake -E cmake_link_script CMakeFiles/cmTC_e0cf6.dir/link.txt --verbose=1
/usr/bin/c++   -DYACMA_CHECK_CXX_FLAG    -rdynamic CMakeFiles/cmTC_e0cf6.dir/src.cxx.o  -o cmTC_e0cf6 
make[2]: Leaving directory '/home/manu/work/mahdi/pagmo2/CMakeFiles/CMakeTmp'
make[1]: Leaving directory '/home/manu/work/mahdi/pagmo2/CMakeFiles/CMakeTmp'

Source file was:
int main() { return 0; }
Performing C++ SOURCE FILE Test YACMA_CHECK_DEBUG_CXX_FLAG succeeded with the following output:
Change Dir: /home/manu/work/mahdi/pagmo2/CMakeFiles/CMakeTmp

Run Build Command:"/usr/bin/make" "cmTC_ea3e3/fast"
make[1]: Entering directory '/home/manu/work/mahdi/pagmo2/CMakeFiles/CMakeTmp'
/usr/bin/make -f CMakeFiles/cmTC_ea3e3.dir/build.make CMakeFiles/cmTC_ea3e3.dir/build
make[2]: Entering directory '/home/manu/work/mahdi/pagmo2/CMakeFiles/CMakeTmp'
Building CXX object CMakeFiles/cmTC_ea3e3.dir/src.cxx.o
/usr/bin/c++    -DYACMA_CHECK_DEBUG_CXX_FLAG   -Wall -o CMakeFiles/cmTC_ea3e3.dir/src.cxx.o -c /home/manu/work/mahdi/pagmo2/CMakeFiles/CMakeTmp/src.cxx
Linking CXX executable cmTC_ea3e3
/usr/bin/cmake -E cmake_link_script CMakeFiles/cmTC_ea3e3.dir/link.txt --verbose=1
/usr/bin/c++   -DYACMA_CHECK_DEBUG_CXX_FLAG    -rdynamic CMakeFiles/cmTC_ea3e3.dir/src.cxx.o  -o cmTC_ea3e3 
make[2]: Leaving directory '/home/manu/work/mahdi/pagmo2/CMakeFiles/CMakeTmp'
make[1]: Leaving directory '/home/manu/work/mahdi/pagmo2/CMakeFiles/CMakeTmp'

Source file was:
int main() { return 0; }
Performing C++ SOURCE FILE Test YACMA_CHECK_DEBUG_CXX_FLAG succeeded with the following output:
Change Dir: /home/manu/work/mahdi/pagmo2/CMakeFiles/CMakeTmp

Run Build Command:"/usr/bin/make" "cmTC_8ab27/fast"
make[1]: Entering directory '/home/manu/work/mahdi/pagmo2/CMakeFiles/CMakeTmp'
/usr/bin/make -f CMakeFiles/cmTC_8ab27.dir/build.make CMakeFiles/cmTC_8ab27.dir/build
make[2]: Entering directory '/home/manu/work/mahdi/pagmo2/CMakeFiles/CMakeTmp'
Building CXX object CMakeFiles/cmTC_8ab27.dir/src.cxx.o
/usr/bin/c++    -DYACMA_CHECK_DEBUG_CXX_FLAG   -Wextra -o CMakeFiles/cmTC_8ab27.dir/src.cxx.o -c /home/manu/work/mahdi/pagmo2/CMakeFiles/CMakeTmp/src.cxx
Linking CXX executable cmTC_8ab27
/usr/bin/cmake -E cmake_link_script CMakeFiles/cmTC_8ab27.dir/link.txt --verbose=1
/usr/bin/c++   -DYACMA_CHECK_DEBUG_CXX_FLAG    -rdynamic CMakeFiles/cmTC_8ab27.dir/src.cxx.o  -o cmTC_8ab27 
make[2]: Leaving directory '/home/manu/work/mahdi/pagmo2/CMakeFiles/CMakeTmp'
make[1]: Leaving directory '/home/manu/work/mahdi/pagmo2/CMakeFiles/CMakeTmp'

Source file was:
int main() { return 0; }
Performing C++ SOURCE FILE Test YACMA_CHECK_DEBUG_CXX_FLAG succeeded with the following output:
Change Dir: /home/manu/work/mahdi/pagmo2/CMakeFiles/CMakeTmp

Run Build Command:"/usr/bin/make" "cmTC_e01a0/fast"
make[1]: Entering directory '/home/manu/work/mahdi/pagmo2/CMakeFiles/CMakeTmp'
/usr/bin/make -f CMakeFiles/cmTC_e01a0.dir/build.make CMakeFiles/cmTC_e01a0.dir/build
make[2]: Entering directory '/home/manu/work/mahdi/pagmo2/CMakeFiles/CMakeTmp'
Building CXX object CMakeFiles/cmTC_e01a0.dir/src.cxx.o
/usr/bin/c++    -DYACMA_CHECK_DEBUG_CXX_FLAG   -Wnon-virtual-dtor -o CMakeFiles/cmTC_e01a0.dir/src.cxx.o -c /home/manu/work/mahdi/pagmo2/CMakeFiles/CMakeTmp/src.cxx
Linking CXX executable cmTC_e01a0
/usr/bin/cmake -E cmake_link_script CMakeFiles/cmTC_e01a0.dir/link.txt --verbose=1
/usr/bin/c++   -DYACMA_CHECK_DEBUG_CXX_FLAG    -rdynamic CMakeFiles/cmTC_e01a0.dir/src.cxx.o  -o cmTC_e01a0 
make[2]: Leaving directory '/home/manu/work/mahdi/pagmo2/CMakeFiles/CMakeTmp'
make[1]: Leaving directory '/home/manu/work/mahdi/pagmo2/CMakeFiles/CMakeTmp'

Source file was:
int main() { return 0; }
Performing C++ SOURCE FILE Test YACMA_CHECK_DEBUG_CXX_FLAG succeeded with the following output:
Change Dir: /home/manu/work/mahdi/pagmo2/CMakeFiles/CMakeTmp

Run Build Command:"/usr/bin/make" "cmTC_de0db/fast"
make[1]: Entering directory '/home/manu/work/mahdi/pagmo2/CMakeFiles/CMakeTmp'
/usr/bin/make -f CMakeFiles/cmTC_de0db.dir/build.make CMakeFiles/cmTC_de0db.dir/build
make[2]: Entering directory '/home/manu/work/mahdi/pagmo2/CMakeFiles/CMakeTmp'
Building CXX object CMakeFiles/cmTC_de0db.dir/src.cxx.o
/usr/bin/c++    -DYACMA_CHECK_DEBUG_CXX_FLAG   -Wlogical-op -o CMakeFiles/cmTC_de0db.dir/src.cxx.o -c /home/manu/work/mahdi/pagmo2/CMakeFiles/CMakeTmp/src.cxx
Linking CXX executable cmTC_de0db
/usr/bin/cmake -E cmake_link_script CMakeFiles/cmTC_de0db.dir/link.txt --verbose=1
/usr/bin/c++   -DYACMA_CHECK_DEBUG_CXX_FLAG    -rdynamic CMakeFiles/cmTC_de0db.dir/src.cxx.o  -o cmTC_de0db 
make[2]: Leaving directory '/home/manu/work/mahdi/pagmo2/CMakeFiles/CMakeTmp'
make[1]: Leaving directory '/home/manu/work/mahdi/pagmo2/CMakeFiles/CMakeTmp'

Source file was:
int main() { return 0; }
Performing C++ SOURCE FILE Test YACMA_CHECK_DEBUG_CXX_FLAG succeeded with the following output:
Change Dir: /home/manu/work/mahdi/pagmo2/CMakeFiles/CMakeTmp

Run Build Command:"/usr/bin/make" "cmTC_44d48/fast"
make[1]: Entering directory '/home/manu/work/mahdi/pagmo2/CMakeFiles/CMakeTmp'
/usr/bin/make -f CMakeFiles/cmTC_44d48.dir/build.make CMakeFiles/cmTC_44d48.dir/build
make[2]: Entering directory '/home/manu/work/mahdi/pagmo2/CMakeFiles/CMakeTmp'
Building CXX object CMakeFiles/cmTC_44d48.dir/src.cxx.o
/usr/bin/c++    -DYACMA_CHECK_DEBUG_CXX_FLAG   -Wconversion -o CMakeFiles/cmTC_44d48.dir/src.cxx.o -c /home/manu/work/mahdi/pagmo2/CMakeFiles/CMakeTmp/src.cxx
Linking CXX executable cmTC_44d48
/usr/bin/cmake -E cmake_link_script CMakeFiles/cmTC_44d48.dir/link.txt --verbose=1
/usr/bin/c++   -DYACMA_CHECK_DEBUG_CXX_FLAG    -rdynamic CMakeFiles/cmTC_44d48.dir/src.cxx.o  -o cmTC_44d48 
make[2]: Leaving directory '/home/manu/work/mahdi/pagmo2/CMakeFiles/CMakeTmp'
make[1]: Leaving directory '/home/manu/work/mahdi/pagmo2/CMakeFiles/CMakeTmp'

Source file was:
int main() { return 0; }
Performing C++ SOURCE FILE Test YACMA_CHECK_DEBUG_CXX_FLAG succeeded with the following output:
Change Dir: /home/manu/work/mahdi/pagmo2/CMakeFiles/CMakeTmp

Run Build Command:"/usr/bin/make" "cmTC_5251d/fast"
make[1]: Entering directory '/home/manu/work/mahdi/pagmo2/CMakeFiles/CMakeTmp'
/usr/bin/make -f CMakeFiles/cmTC_5251d.dir/build.make CMakeFiles/cmTC_5251d.dir/build
make[2]: Entering directory '/home/manu/work/mahdi/pagmo2/CMakeFiles/CMakeTmp'
Building CXX object CMakeFiles/cmTC_5251d.dir/src.cxx.o
/usr/bin/c++    -DYACMA_CHECK_DEBUG_CXX_FLAG   -Wdeprecated -o CMakeFiles/cmTC_5251d.dir/src.cxx.o -c /home/manu/work/mahdi/pagmo2/CMakeFiles/CMakeTmp/src.cxx
Linking CXX executable cmTC_5251d
/usr/bin/cmake -E cmake_link_script CMakeFiles/cmTC_5251d.dir/link.txt --verbose=1
/usr/bin/c++   -DYACMA_CHECK_DEBUG_CXX_FLAG    -rdynamic CMakeFiles/cmTC_5251d.dir/src.cxx.o  -o cmTC_5251d 
make[2]: Leaving directory '/home/manu/work/mahdi/pagmo2/CMakeFiles/CMakeTmp'
make[1]: Leaving directory '/home/manu/work/mahdi/pagmo2/CMakeFiles/CMakeTmp'

Source file was:
int main() { return 0; }
Performing C++ SOURCE FILE Test YACMA_CHECK_CXX_FLAG succeeded with the following output:
Change Dir: /home/manu/work/mahdi/pagmo2/CMakeFiles/CMakeTmp

Run Build Command:"/usr/bin/make" "cmTC_7f6bb/fast"
make[1]: Entering directory '/home/manu/work/mahdi/pagmo2/CMakeFiles/CMakeTmp'
/usr/bin/make -f CMakeFiles/cmTC_7f6bb.dir/build.make CMakeFiles/cmTC_7f6bb.dir/build
make[2]: Entering directory '/home/manu/work/mahdi/pagmo2/CMakeFiles/CMakeTmp'
Building CXX object CMakeFiles/cmTC_7f6bb.dir/src.cxx.o
/usr/bin/c++    -DYACMA_CHECK_CXX_FLAG   -ftemplate-depth=1024 -o CMakeFiles/cmTC_7f6bb.dir/src.cxx.o -c /home/manu/work/mahdi/pagmo2/CMakeFiles/CMakeTmp/src.cxx
Linking CXX executable cmTC_7f6bb
/usr/bin/cmake -E cmake_link_script CMakeFiles/cmTC_7f6bb.dir/link.txt --verbose=1
/usr/bin/c++   -DYACMA_CHECK_CXX_FLAG    -rdynamic CMakeFiles/cmTC_7f6bb.dir/src.cxx.o  -o cmTC_7f6bb 
make[2]: Leaving directory '/home/manu/work/mahdi/pagmo2/CMakeFiles/CMakeTmp'
make[1]: Leaving directory '/home/manu/work/mahdi/pagmo2/CMakeFiles/CMakeTmp'

Source file was:
int main() { return 0; }
Performing C++ SOURCE FILE Test YACMA_CHECK_DEBUG_CXX_FLAG succeeded with the following output:
Change Dir: /home/manu/work/mahdi/pagmo2/CMakeFiles/CMakeTmp

Run Build Command:"/usr/bin/make" "cmTC_83cf8/fast"
make[1]: Entering directory '/home/manu/work/mahdi/pagmo2/CMakeFiles/CMakeTmp'
/usr/bin/make -f CMakeFiles/cmTC_83cf8.dir/build.make CMakeFiles/cmTC_83cf8.dir/build
make[2]: Entering directory '/home/manu/work/mahdi/pagmo2/CMakeFiles/CMakeTmp'
Building CXX object CMakeFiles/cmTC_83cf8.dir/src.cxx.o
/usr/bin/c++    -DYACMA_CHECK_DEBUG_CXX_FLAG   -Wold-style-cast -o CMakeFiles/cmTC_83cf8.dir/src.cxx.o -c /home/manu/work/mahdi/pagmo2/CMakeFiles/CMakeTmp/src.cxx
Linking CXX executable cmTC_83cf8
/usr/bin/cmake -E cmake_link_script CMakeFiles/cmTC_83cf8.dir/link.txt --verbose=1
/usr/bin/c++   -DYACMA_CHECK_DEBUG_CXX_FLAG    -rdynamic CMakeFiles/cmTC_83cf8.dir/src.cxx.o  -o cmTC_83cf8 
make[2]: Leaving directory '/home/manu/work/mahdi/pagmo2/CMakeFiles/CMakeTmp'
make[1]: Leaving directory '/home/manu/work/mahdi/pagmo2/CMakeFiles/CMakeTmp'

Source file was:
int main() { return 0; }
Performing C++ SOURCE FILE Test YACMA_CHECK_DEBUG_CXX_FLAG succeeded with the following output:
Change Dir: /home/manu/work/mahdi/pagmo2/CMakeFiles/CMakeTmp

Run Build Command:"/usr/bin/make" "cmTC_348fa/fast"
make[1]: Entering directory '/home/manu/work/mahdi/pagmo2/CMakeFiles/CMakeTmp'
/usr/bin/make -f CMakeFiles/cmTC_348fa.dir/build.make CMakeFiles/cmTC_348fa.dir/build
make[2]: Entering directory '/home/manu/work/mahdi/pagmo2/CMakeFiles/CMakeTmp'
Building CXX object CMakeFiles/cmTC_348fa.dir/src.cxx.o
/usr/bin/c++    -DYACMA_CHECK_DEBUG_CXX_FLAG   -pedantic-errors -o CMakeFiles/cmTC_348fa.dir/src.cxx.o -c /home/manu/work/mahdi/pagmo2/CMakeFiles/CMakeTmp/src.cxx
Linking CXX executable cmTC_348fa
/usr/bin/cmake -E cmake_link_script CMakeFiles/cmTC_348fa.dir/link.txt --verbose=1
/usr/bin/c++   -DYACMA_CHECK_DEBUG_CXX_FLAG    -rdynamic CMakeFiles/cmTC_348fa.dir/src.cxx.o  -o cmTC_348fa 
make[2]: Leaving directory '/home/manu/work/mahdi/pagmo2/CMakeFiles/CMakeTmp'
make[1]: Leaving directory '/home/manu/work/mahdi/pagmo2/CMakeFiles/CMakeTmp'

Source file was:
int main() { return 0; }
Performing C++ SOURCE FILE Test YACMA_CHECK_DEBUG_CXX_FLAG succeeded with the following output:
Change Dir: /home/manu/work/mahdi/pagmo2/CMakeFiles/CMakeTmp

Run Build Command:"/usr/bin/make" "cmTC_70c28/fast"
make[1]: Entering directory '/home/manu/work/mahdi/pagmo2/CMakeFiles/CMakeTmp'
/usr/bin/make -f CMakeFiles/cmTC_70c28.dir/build.make CMakeFiles/cmTC_70c28.dir/build
make[2]: Entering directory '/home/manu/work/mahdi/pagmo2/CMakeFiles/CMakeTmp'
Building CXX object CMakeFiles/cmTC_70c28.dir/src.cxx.o
/usr/bin/c++    -DYACMA_CHECK_DEBUG_CXX_FLAG   -Wdisabled-optimization -o CMakeFiles/cmTC_70c28.dir/src.cxx.o -c /home/manu/work/mahdi/pagmo2/CMakeFiles/CMakeTmp/src.cxx
Linking CXX executable cmTC_70c28
/usr/bin/cmake -E cmake_link_script CMakeFiles/cmTC_70c28.dir/link.txt --verbose=1
/usr/bin/c++   -DYACMA_CHECK_DEBUG_CXX_FLAG    -rdynamic CMakeFiles/cmTC_70c28.dir/src.cxx.o  -o cmTC_70c28 
make[2]: Leaving directory '/home/manu/work/mahdi/pagmo2/CMakeFiles/CMakeTmp'
make[1]: Leaving directory '/home/manu/work/mahdi/pagmo2/CMakeFiles/CMakeTmp'

Source file was:
int main() { return 0; }
Performing C++ SOURCE FILE Test YACMA_CHECK_DEBUG_CXX_FLAG succeeded with the following output:
Change Dir: /home/manu/work/mahdi/pagmo2/CMakeFiles/CMakeTmp

Run Build Command:"/usr/bin/make" "cmTC_c6831/fast"
make[1]: Entering directory '/home/manu/work/mahdi/pagmo2/CMakeFiles/CMakeTmp'
/usr/bin/make -f CMakeFiles/cmTC_c6831.dir/build.make CMakeFiles/cmTC_c6831.dir/build
make[2]: Entering directory '/home/manu/work/mahdi/pagmo2/CMakeFiles/CMakeTmp'
Building CXX object CMakeFiles/cmTC_c6831.dir/src.cxx.o
/usr/bin/c++    -DYACMA_CHECK_DEBUG_CXX_FLAG   -ftemplate-backtrace-limit=0 -o CMakeFiles/cmTC_c6831.dir/src.cxx.o -c /home/manu/work/mahdi/pagmo2/CMakeFiles/CMakeTmp/src.cxx
Linking CXX executable cmTC_c6831
/usr/bin/cmake -E cmake_link_script CMakeFiles/cmTC_c6831.dir/link.txt --verbose=1
/usr/bin/c++   -DYACMA_CHECK_DEBUG_CXX_FLAG    -rdynamic CMakeFiles/cmTC_c6831.dir/src.cxx.o  -o cmTC_c6831 
make[2]: Leaving directory '/home/manu/work/mahdi/pagmo2/CMakeFiles/CMakeTmp'
make[1]: Leaving directory '/home/manu/work/mahdi/pagmo2/CMakeFiles/CMakeTmp'

Source file was:
int main() { return 0; }
Performing C++ SOURCE FILE Test YACMA_CHECK_DEBUG_CXX_FLAG succeeded with the following output:
Change Dir: /home/manu/work/mahdi/pagmo2/CMakeFiles/CMakeTmp

Run Build Command:"/usr/bin/make" "cmTC_da571/fast"
make[1]: Entering directory '/home/manu/work/mahdi/pagmo2/CMakeFiles/CMakeTmp'
/usr/bin/make -f CMakeFiles/cmTC_da571.dir/build.make CMakeFiles/cmTC_da571.dir/build
make[2]: Entering directory '/home/manu/work/mahdi/pagmo2/CMakeFiles/CMakeTmp'
Building CXX object CMakeFiles/cmTC_da571.dir/src.cxx.o
/usr/bin/c++    -DYACMA_CHECK_DEBUG_CXX_FLAG   -fstack-protector-all -o CMakeFiles/cmTC_da571.dir/src.cxx.o -c /home/manu/work/mahdi/pagmo2/CMakeFiles/CMakeTmp/src.cxx
Linking CXX executable cmTC_da571
/usr/bin/cmake -E cmake_link_script CMakeFiles/cmTC_da571.dir/link.txt --verbose=1
/usr/bin/c++   -DYACMA_CHECK_DEBUG_CXX_FLAG    -rdynamic CMakeFiles/cmTC_da571.dir/src.cxx.o  -o cmTC_da571 
make[2]: Leaving directory '/home/manu/work/mahdi/pagmo2/CMakeFiles/CMakeTmp'
make[1]: Leaving directory '/home/manu/work/mahdi/pagmo2/CMakeFiles/CMakeTmp'

Source file was:
int main() { return 0; }
Performing C++ SOURCE FILE Test YACMA_CHECK_DEBUG_CXX_FLAG succeeded with the following output:
Change Dir: /home/manu/work/mahdi/pagmo2/CMakeFiles/CMakeTmp

Run Build Command:"/usr/bin/make" "cmTC_c8a5a/fast"
make[1]: Entering directory '/home/manu/work/mahdi/pagmo2/CMakeFiles/CMakeTmp'
/usr/bin/make -f CMakeFiles/cmTC_c8a5a.dir/build.make CMakeFiles/cmTC_c8a5a.dir/build
make[2]: Entering directory '/home/manu/work/mahdi/pagmo2/CMakeFiles/CMakeTmp'
Building CXX object CMakeFiles/cmTC_c8a5a.dir/src.cxx.o
/usr/bin/c++    -DYACMA_CHECK_DEBUG_CXX_FLAG   -Wsuggest-attribute=pure -o CMakeFiles/cmTC_c8a5a.dir/src.cxx.o -c /home/manu/work/mahdi/pagmo2/CMakeFiles/CMakeTmp/src.cxx
Linking CXX executable cmTC_c8a5a
/usr/bin/cmake -E cmake_link_script CMakeFiles/cmTC_c8a5a.dir/link.txt --verbose=1
/usr/bin/c++   -DYACMA_CHECK_DEBUG_CXX_FLAG    -rdynamic CMakeFiles/cmTC_c8a5a.dir/src.cxx.o  -o cmTC_c8a5a 
make[2]: Leaving directory '/home/manu/work/mahdi/pagmo2/CMakeFiles/CMakeTmp'
make[1]: Leaving directory '/home/manu/work/mahdi/pagmo2/CMakeFiles/CMakeTmp'

Source file was:
int main() { return 0; }
Performing C++ SOURCE FILE Test YACMA_CHECK_DEBUG_CXX_FLAG succeeded with the following output:
Change Dir: /home/manu/work/mahdi/pagmo2/CMakeFiles/CMakeTmp

Run Build Command:"/usr/bin/make" "cmTC_04049/fast"
make[1]: Entering directory '/home/manu/work/mahdi/pagmo2/CMakeFiles/CMakeTmp'
/usr/bin/make -f CMakeFiles/cmTC_04049.dir/build.make CMakeFiles/cmTC_04049.dir/build
make[2]: Entering directory '/home/manu/work/mahdi/pagmo2/CMakeFiles/CMakeTmp'
Building CXX object CMakeFiles/cmTC_04049.dir/src.cxx.o
/usr/bin/c++    -DYACMA_CHECK_DEBUG_CXX_FLAG   -Wsuggest-attribute=const -o CMakeFiles/cmTC_04049.dir/src.cxx.o -c /home/manu/work/mahdi/pagmo2/CMakeFiles/CMakeTmp/src.cxx
Linking CXX executable cmTC_04049
/usr/bin/cmake -E cmake_link_script CMakeFiles/cmTC_04049.dir/link.txt --verbose=1
/usr/bin/c++   -DYACMA_CHECK_DEBUG_CXX_FLAG    -rdynamic CMakeFiles/cmTC_04049.dir/src.cxx.o  -o cmTC_04049 
make[2]: Leaving directory '/home/manu/work/mahdi/pagmo2/CMakeFiles/CMakeTmp'
make[1]: Leaving directory '/home/manu/work/mahdi/pagmo2/CMakeFiles/CMakeTmp'

Source file was:
int main() { return 0; }
Performing C++ SOURCE FILE Test YACMA_CHECK_DEBUG_CXX_FLAG succeeded with the following output:
Change Dir: /home/manu/work/mahdi/pagmo2/CMakeFiles/CMakeTmp

Run Build Command:"/usr/bin/make" "cmTC_9ca59/fast"
make[1]: Entering directory '/home/manu/work/mahdi/pagmo2/CMakeFiles/CMakeTmp'
/usr/bin/make -f CMakeFiles/cmTC_9ca59.dir/build.make CMakeFiles/cmTC_9ca59.dir/build
make[2]: Entering directory '/home/manu/work/mahdi/pagmo2/CMakeFiles/CMakeTmp'
Building CXX object CMakeFiles/cmTC_9ca59.dir/src.cxx.o
/usr/bin/c++    -DYACMA_CHECK_DEBUG_CXX_FLAG   -Wsuggest-attribute=noreturn -o CMakeFiles/cmTC_9ca59.dir/src.cxx.o -c /home/manu/work/mahdi/pagmo2/CMakeFiles/CMakeTmp/src.cxx
Linking CXX executable cmTC_9ca59
/usr/bin/cmake -E cmake_link_script CMakeFiles/cmTC_9ca59.dir/link.txt --verbose=1
/usr/bin/c++   -DYACMA_CHECK_DEBUG_CXX_FLAG    -rdynamic CMakeFiles/cmTC_9ca59.dir/src.cxx.o  -o cmTC_9ca59 
make[2]: Leaving directory '/home/manu/work/mahdi/pagmo2/CMakeFiles/CMakeTmp'
make[1]: Leaving directory '/home/manu/work/mahdi/pagmo2/CMakeFiles/CMakeTmp'

Source file was:
int main() { return 0; }
Performing C++ SOURCE FILE Test YACMA_CHECK_DEBUG_CXX_FLAG succeeded with the following output:
Change Dir: /home/manu/work/mahdi/pagmo2/CMakeFiles/CMakeTmp

Run Build Command:"/usr/bin/make" "cmTC_195d2/fast"
make[1]: Entering directory '/home/manu/work/mahdi/pagmo2/CMakeFiles/CMakeTmp'
/usr/bin/make -f CMakeFiles/cmTC_195d2.dir/build.make CMakeFiles/cmTC_195d2.dir/build
make[2]: Entering directory '/home/manu/work/mahdi/pagmo2/CMakeFiles/CMakeTmp'
Building CXX object CMakeFiles/cmTC_195d2.dir/src.cxx.o
/usr/bin/c++    -DYACMA_CHECK_DEBUG_CXX_FLAG   -Wsuggest-attribute=format -o CMakeFiles/cmTC_195d2.dir/src.cxx.o -c /home/manu/work/mahdi/pagmo2/CMakeFiles/CMakeTmp/src.cxx
Linking CXX executable cmTC_195d2
/usr/bin/cmake -E cmake_link_script CMakeFiles/cmTC_195d2.dir/link.txt --verbose=1
/usr/bin/c++   -DYACMA_CHECK_DEBUG_CXX_FLAG    -rdynamic CMakeFiles/cmTC_195d2.dir/src.cxx.o  -o cmTC_195d2 
make[2]: Leaving directory '/home/manu/work/mahdi/pagmo2/CMakeFiles/CMakeTmp'
make[1]: Leaving directory '/home/manu/work/mahdi/pagmo2/CMakeFiles/CMakeTmp'

Source file was:
int main() { return 0; }
Performing C++ SOURCE FILE Test YACMA_CHECK_DEBUG_CXX_FLAG succeeded with the following output:
Change Dir: /home/manu/work/mahdi/pagmo2/CMakeFiles/CMakeTmp

Run Build Command:"/usr/bin/make" "cmTC_7a03c/fast"
make[1]: Entering directory '/home/manu/work/mahdi/pagmo2/CMakeFiles/CMakeTmp'
/usr/bin/make -f CMakeFiles/cmTC_7a03c.dir/build.make CMakeFiles/cmTC_7a03c.dir/build
make[2]: Entering directory '/home/manu/work/mahdi/pagmo2/CMakeFiles/CMakeTmp'
Building CXX object CMakeFiles/cmTC_7a03c.dir/src.cxx.o
/usr/bin/c++    -DYACMA_CHECK_DEBUG_CXX_FLAG   -Wodr -o CMakeFiles/cmTC_7a03c.dir/src.cxx.o -c /home/manu/work/mahdi/pagmo2/CMakeFiles/CMakeTmp/src.cxx
Linking CXX executable cmTC_7a03c
/usr/bin/cmake -E cmake_link_script CMakeFiles/cmTC_7a03c.dir/link.txt --verbose=1
/usr/bin/c++   -DYACMA_CHECK_DEBUG_CXX_FLAG    -rdynamic CMakeFiles/cmTC_7a03c.dir/src.cxx.o  -o cmTC_7a03c 
make[2]: Leaving directory '/home/manu/work/mahdi/pagmo2/CMakeFiles/CMakeTmp'
make[1]: Leaving directory '/home/manu/work/mahdi/pagmo2/CMakeFiles/CMakeTmp'

Source file was:
int main() { return 0; }
Performing C++ SOURCE FILE Test YACMA_CHECK_DEBUG_CXX_FLAG succeeded with the following output:
Change Dir: /home/manu/work/mahdi/pagmo2/CMakeFiles/CMakeTmp

Run Build Command:"/usr/bin/make" "cmTC_c4f7a/fast"
make[1]: Entering directory '/home/manu/work/mahdi/pagmo2/CMakeFiles/CMakeTmp'
/usr/bin/make -f CMakeFiles/cmTC_c4f7a.dir/build.make CMakeFiles/cmTC_c4f7a.dir/build
make[2]: Entering directory '/home/manu/work/mahdi/pagmo2/CMakeFiles/CMakeTmp'
Building CXX object CMakeFiles/cmTC_c4f7a.dir/src.cxx.o
/usr/bin/c++    -DYACMA_CHECK_DEBUG_CXX_FLAG   -Wsuggest-final-types -o CMakeFiles/cmTC_c4f7a.dir/src.cxx.o -c /home/manu/work/mahdi/pagmo2/CMakeFiles/CMakeTmp/src.cxx
Linking CXX executable cmTC_c4f7a
/usr/bin/cmake -E cmake_link_script CMakeFiles/cmTC_c4f7a.dir/link.txt --verbose=1
/usr/bin/c++   -DYACMA_CHECK_DEBUG_CXX_FLAG    -rdynamic CMakeFiles/cmTC_c4f7a.dir/src.cxx.o  -o cmTC_c4f7a 
make[2]: Leaving directory '/home/manu/work/mahdi/pagmo2/CMakeFiles/CMakeTmp'
make[1]: Leaving directory '/home/manu/work/mahdi/pagmo2/CMakeFiles/CMakeTmp'

Source file was:
int main() { return 0; }
Performing C++ SOURCE FILE Test YACMA_CHECK_DEBUG_CXX_FLAG succeeded with the following output:
Change Dir: /home/manu/work/mahdi/pagmo2/CMakeFiles/CMakeTmp

Run Build Command:"/usr/bin/make" "cmTC_2b783/fast"
make[1]: Entering directory '/home/manu/work/mahdi/pagmo2/CMakeFiles/CMakeTmp'
/usr/bin/make -f CMakeFiles/cmTC_2b783.dir/build.make CMakeFiles/cmTC_2b783.dir/build
make[2]: Entering directory '/home/manu/work/mahdi/pagmo2/CMakeFiles/CMakeTmp'
Building CXX object CMakeFiles/cmTC_2b783.dir/src.cxx.o
/usr/bin/c++    -DYACMA_CHECK_DEBUG_CXX_FLAG   -Wsuggest-final-methods -o CMakeFiles/cmTC_2b783.dir/src.cxx.o -c /home/manu/work/mahdi/pagmo2/CMakeFiles/CMakeTmp/src.cxx
Linking CXX executable cmTC_2b783
/usr/bin/cmake -E cmake_link_script CMakeFiles/cmTC_2b783.dir/link.txt --verbose=1
/usr/bin/c++   -DYACMA_CHECK_DEBUG_CXX_FLAG    -rdynamic CMakeFiles/cmTC_2b783.dir/src.cxx.o  -o cmTC_2b783 
make[2]: Leaving directory '/home/manu/work/mahdi/pagmo2/CMakeFiles/CMakeTmp'
make[1]: Leaving directory '/home/manu/work/mahdi/pagmo2/CMakeFiles/CMakeTmp'

Source file was:
int main() { return 0; }
Performing C++ SOURCE FILE Test YACMA_CHECK_DEBUG_CXX_FLAG succeeded with the following output:
Change Dir: /home/manu/work/mahdi/pagmo2/CMakeFiles/CMakeTmp

Run Build Command:"/usr/bin/make" "cmTC_7b1cd/fast"
make[1]: Entering directory '/home/manu/work/mahdi/pagmo2/CMakeFiles/CMakeTmp'
/usr/bin/make -f CMakeFiles/cmTC_7b1cd.dir/build.make CMakeFiles/cmTC_7b1cd.dir/build
make[2]: Entering directory '/home/manu/work/mahdi/pagmo2/CMakeFiles/CMakeTmp'
Building CXX object CMakeFiles/cmTC_7b1cd.dir/src.cxx.o
/usr/bin/c++    -DYACMA_CHECK_DEBUG_CXX_FLAG   -Wsuggest-override -o CMakeFiles/cmTC_7b1cd.dir/src.cxx.o -c /home/manu/work/mahdi/pagmo2/CMakeFiles/CMakeTmp/src.cxx
Linking CXX executable cmTC_7b1cd
/usr/bin/cmake -E cmake_link_script CMakeFiles/cmTC_7b1cd.dir/link.txt --verbose=1
/usr/bin/c++   -DYACMA_CHECK_DEBUG_CXX_FLAG    -rdynamic CMakeFiles/cmTC_7b1cd.dir/src.cxx.o  -o cmTC_7b1cd 
make[2]: Leaving directory '/home/manu/work/mahdi/pagmo2/CMakeFiles/CMakeTmp'
make[1]: Leaving directory '/home/manu/work/mahdi/pagmo2/CMakeFiles/CMakeTmp'

Source file was:
int main() { return 0; }
Performing C++ SOURCE FILE Test YACMA_CHECK_DEBUG_CXX_FLAG succeeded with the following output:
Change Dir: /home/manu/work/mahdi/pagmo2/CMakeFiles/CMakeTmp

Run Build Command:"/usr/bin/make" "cmTC_12e2d/fast"
make[1]: Entering directory '/home/manu/work/mahdi/pagmo2/CMakeFiles/CMakeTmp'
/usr/bin/make -f CMakeFiles/cmTC_12e2d.dir/build.make CMakeFiles/cmTC_12e2d.dir/build
make[2]: Entering directory '/home/manu/work/mahdi/pagmo2/CMakeFiles/CMakeTmp'
Building CXX object CMakeFiles/cmTC_12e2d.dir/src.cxx.o
/usr/bin/c++    -DYACMA_CHECK_DEBUG_CXX_FLAG   -Wshift-negative-value -o CMakeFiles/cmTC_12e2d.dir/src.cxx.o -c /home/manu/work/mahdi/pagmo2/CMakeFiles/CMakeTmp/src.cxx
Linking CXX executable cmTC_12e2d
/usr/bin/cmake -E cmake_link_script CMakeFiles/cmTC_12e2d.dir/link.txt --verbose=1
/usr/bin/c++   -DYACMA_CHECK_DEBUG_CXX_FLAG    -rdynamic CMakeFiles/cmTC_12e2d.dir/src.cxx.o  -o cmTC_12e2d 
make[2]: Leaving directory '/home/manu/work/mahdi/pagmo2/CMakeFiles/CMakeTmp'
make[1]: Leaving directory '/home/manu/work/mahdi/pagmo2/CMakeFiles/CMakeTmp'

Source file was:
int main() { return 0; }
Performing C++ SOURCE FILE Test YACMA_CHECK_DEBUG_CXX_FLAG succeeded with the following output:
Change Dir: /home/manu/work/mahdi/pagmo2/CMakeFiles/CMakeTmp

Run Build Command:"/usr/bin/make" "cmTC_6fa8e/fast"
make[1]: Entering directory '/home/manu/work/mahdi/pagmo2/CMakeFiles/CMakeTmp'
/usr/bin/make -f CMakeFiles/cmTC_6fa8e.dir/build.make CMakeFiles/cmTC_6fa8e.dir/build
make[2]: Entering directory '/home/manu/work/mahdi/pagmo2/CMakeFiles/CMakeTmp'
Building CXX object CMakeFiles/cmTC_6fa8e.dir/src.cxx.o
/usr/bin/c++    -DYACMA_CHECK_DEBUG_CXX_FLAG   -Wshift-overflow=2 -o CMakeFiles/cmTC_6fa8e.dir/src.cxx.o -c /home/manu/work/mahdi/pagmo2/CMakeFiles/CMakeTmp/src.cxx
Linking CXX executable cmTC_6fa8e
/usr/bin/cmake -E cmake_link_script CMakeFiles/cmTC_6fa8e.dir/link.txt --verbose=1
/usr/bin/c++   -DYACMA_CHECK_DEBUG_CXX_FLAG    -rdynamic CMakeFiles/cmTC_6fa8e.dir/src.cxx.o  -o cmTC_6fa8e 
make[2]: Leaving directory '/home/manu/work/mahdi/pagmo2/CMakeFiles/CMakeTmp'
make[1]: Leaving directory '/home/manu/work/mahdi/pagmo2/CMakeFiles/CMakeTmp'

Source file was:
int main() { return 0; }
Performing C++ SOURCE FILE Test YACMA_CHECK_DEBUG_CXX_FLAG succeeded with the following output:
Change Dir: /home/manu/work/mahdi/pagmo2/CMakeFiles/CMakeTmp

Run Build Command:"/usr/bin/make" "cmTC_548bb/fast"
make[1]: Entering directory '/home/manu/work/mahdi/pagmo2/CMakeFiles/CMakeTmp'
/usr/bin/make -f CMakeFiles/cmTC_548bb.dir/build.make CMakeFiles/cmTC_548bb.dir/build
make[2]: Entering directory '/home/manu/work/mahdi/pagmo2/CMakeFiles/CMakeTmp'
Building CXX object CMakeFiles/cmTC_548bb.dir/src.cxx.o
/usr/bin/c++    -DYACMA_CHECK_DEBUG_CXX_FLAG   -Wduplicated-cond -o CMakeFiles/cmTC_548bb.dir/src.cxx.o -c /home/manu/work/mahdi/pagmo2/CMakeFiles/CMakeTmp/src.cxx
Linking CXX executable cmTC_548bb
/usr/bin/cmake -E cmake_link_script CMakeFiles/cmTC_548bb.dir/link.txt --verbose=1
/usr/bin/c++   -DYACMA_CHECK_DEBUG_CXX_FLAG    -rdynamic CMakeFiles/cmTC_548bb.dir/src.cxx.o  -o cmTC_548bb 
make[2]: Leaving directory '/home/manu/work/mahdi/pagmo2/CMakeFiles/CMakeTmp'
make[1]: Leaving directory '/home/manu/work/mahdi/pagmo2/CMakeFiles/CMakeTmp'

Source file was:
int main() { return 0; }
Performing C++ SOURCE FILE Test YACMA_CHECK_DEBUG_CXX_FLAG succeeded with the following output:
Change Dir: /home/manu/work/mahdi/pagmo2/CMakeFiles/CMakeTmp

Run Build Command:"/usr/bin/make" "cmTC_8bb70/fast"
make[1]: Entering directory '/home/manu/work/mahdi/pagmo2/CMakeFiles/CMakeTmp'
/usr/bin/make -f CMakeFiles/cmTC_8bb70.dir/build.make CMakeFiles/cmTC_8bb70.dir/build
make[2]: Entering directory '/home/manu/work/mahdi/pagmo2/CMakeFiles/CMakeTmp'
Building CXX object CMakeFiles/cmTC_8bb70.dir/src.cxx.o
/usr/bin/c++    -DYACMA_CHECK_DEBUG_CXX_FLAG   -Wnull-dereference -o CMakeFiles/cmTC_8bb70.dir/src.cxx.o -c /home/manu/work/mahdi/pagmo2/CMakeFiles/CMakeTmp/src.cxx
Linking CXX executable cmTC_8bb70
/usr/bin/cmake -E cmake_link_script CMakeFiles/cmTC_8bb70.dir/link.txt --verbose=1
/usr/bin/c++   -DYACMA_CHECK_DEBUG_CXX_FLAG    -rdynamic CMakeFiles/cmTC_8bb70.dir/src.cxx.o  -o cmTC_8bb70 
make[2]: Leaving directory '/home/manu/work/mahdi/pagmo2/CMakeFiles/CMakeTmp'
make[1]: Leaving directory '/home/manu/work/mahdi/pagmo2/CMakeFiles/CMakeTmp'

Source file was:
int main() { return 0; }
Performing C++ SOURCE FILE Test YACMA_CHECK_DEBUG_CXX_FLAG succeeded with the following output:
Change Dir: /home/manu/work/mahdi/pagmo2/CMakeFiles/CMakeTmp

Run Build Command:"/usr/bin/make" "cmTC_88ddd/fast"
make[1]: Entering directory '/home/manu/work/mahdi/pagmo2/CMakeFiles/CMakeTmp'
/usr/bin/make -f CMakeFiles/cmTC_88ddd.dir/build.make CMakeFiles/cmTC_88ddd.dir/build
make[2]: Entering directory '/home/manu/work/mahdi/pagmo2/CMakeFiles/CMakeTmp'
Building CXX object CMakeFiles/cmTC_88ddd.dir/src.cxx.o
/usr/bin/c++    -DYACMA_CHECK_DEBUG_CXX_FLAG   -Wrestrict -o CMakeFiles/cmTC_88ddd.dir/src.cxx.o -c /home/manu/work/mahdi/pagmo2/CMakeFiles/CMakeTmp/src.cxx
Linking CXX executable cmTC_88ddd
/usr/bin/cmake -E cmake_link_script CMakeFiles/cmTC_88ddd.dir/link.txt --verbose=1
/usr/bin/c++   -DYACMA_CHECK_DEBUG_CXX_FLAG    -rdynamic CMakeFiles/cmTC_88ddd.dir/src.cxx.o  -o cmTC_88ddd 
make[2]: Leaving directory '/home/manu/work/mahdi/pagmo2/CMakeFiles/CMakeTmp'
make[1]: Leaving directory '/home/manu/work/mahdi/pagmo2/CMakeFiles/CMakeTmp'

Source file was:
int main() { return 0; }
Performing C++ SOURCE FILE Test YACMA_CHECK_DEBUG_CXX_FLAG succeeded with the following output:
Change Dir: /home/manu/work/mahdi/pagmo2/CMakeFiles/CMakeTmp

Run Build Command:"/usr/bin/make" "cmTC_1e6c5/fast"
make[1]: Entering directory '/home/manu/work/mahdi/pagmo2/CMakeFiles/CMakeTmp'
/usr/bin/make -f CMakeFiles/cmTC_1e6c5.dir/build.make CMakeFiles/cmTC_1e6c5.dir/build
make[2]: Entering directory '/home/manu/work/mahdi/pagmo2/CMakeFiles/CMakeTmp'
Building CXX object CMakeFiles/cmTC_1e6c5.dir/src.cxx.o
/usr/bin/c++    -DYACMA_CHECK_DEBUG_CXX_FLAG   -Waligned-new -o CMakeFiles/cmTC_1e6c5.dir/src.cxx.o -c /home/manu/work/mahdi/pagmo2/CMakeFiles/CMakeTmp/src.cxx
Linking CXX executable cmTC_1e6c5
/usr/bin/cmake -E cmake_link_script CMakeFiles/cmTC_1e6c5.dir/link.txt --verbose=1
/usr/bin/c++   -DYACMA_CHECK_DEBUG_CXX_FLAG    -rdynamic CMakeFiles/cmTC_1e6c5.dir/src.cxx.o  -o cmTC_1e6c5 
make[2]: Leaving directory '/home/manu/work/mahdi/pagmo2/CMakeFiles/CMakeTmp'
make[1]: Leaving directory '/home/manu/work/mahdi/pagmo2/CMakeFiles/CMakeTmp'

Source file was:
int main() { return 0; }
Performing C++ SOURCE FILE Test YACMA_CHECK_CXX_FLAG succeeded with the following output:
Change Dir: /home/manu/work/mahdi/pagmo2/CMakeFiles/CMakeTmp

Run Build Command:"/usr/bin/make" "cmTC_8bec4/fast"
make[1]: Entering directory '/home/manu/work/mahdi/pagmo2/CMakeFiles/CMakeTmp'
/usr/bin/make -f CMakeFiles/cmTC_8bec4.dir/build.make CMakeFiles/cmTC_8bec4.dir/build
make[2]: Entering directory '/home/manu/work/mahdi/pagmo2/CMakeFiles/CMakeTmp'
Building CXX object CMakeFiles/cmTC_8bec4.dir/src.cxx.o
/usr/bin/c++    -DYACMA_CHECK_CXX_FLAG   -Wno-attributes -o CMakeFiles/cmTC_8bec4.dir/src.cxx.o -c /home/manu/work/mahdi/pagmo2/CMakeFiles/CMakeTmp/src.cxx
Linking CXX executable cmTC_8bec4
/usr/bin/cmake -E cmake_link_script CMakeFiles/cmTC_8bec4.dir/link.txt --verbose=1
/usr/bin/c++   -DYACMA_CHECK_CXX_FLAG    -rdynamic CMakeFiles/cmTC_8bec4.dir/src.cxx.o  -o cmTC_8bec4 
make[2]: Leaving directory '/home/manu/work/mahdi/pagmo2/CMakeFiles/CMakeTmp'
make[1]: Leaving directory '/home/manu/work/mahdi/pagmo2/CMakeFiles/CMakeTmp'

Source file was:
int main() { return 0; }
Performing C++ SOURCE FILE Test YACMA_CHECK_DEBUG_CXX_FLAG succeeded with the following output:
Change Dir: /home/manu/work/mahdi/pagmo2/CMakeFiles/CMakeTmp

Run Build Command:"/usr/bin/make" "cmTC_bc8a9/fast"
make[1]: Entering directory '/home/manu/work/mahdi/pagmo2/CMakeFiles/CMakeTmp'
/usr/bin/make -f CMakeFiles/cmTC_bc8a9.dir/build.make CMakeFiles/cmTC_bc8a9.dir/build
make[2]: Entering directory '/home/manu/work/mahdi/pagmo2/CMakeFiles/CMakeTmp'
Building CXX object CMakeFiles/cmTC_bc8a9.dir/src.cxx.o
/usr/bin/c++    -DYACMA_CHECK_DEBUG_CXX_FLAG   -Wno-maybe-uninitialized -o CMakeFiles/cmTC_bc8a9.dir/src.cxx.o -c /home/manu/work/mahdi/pagmo2/CMakeFiles/CMakeTmp/src.cxx
Linking CXX executable cmTC_bc8a9
/usr/bin/cmake -E cmake_link_script CMakeFiles/cmTC_bc8a9.dir/link.txt --verbose=1
/usr/bin/c++   -DYACMA_CHECK_DEBUG_CXX_FLAG    -rdynamic CMakeFiles/cmTC_bc8a9.dir/src.cxx.o  -o cmTC_bc8a9 
make[2]: Leaving directory '/home/manu/work/mahdi/pagmo2/CMakeFiles/CMakeTmp'
make[1]: Leaving directory '/home/manu/work/mahdi/pagmo2/CMakeFiles/CMakeTmp'

Source file was:
int main() { return 0; }
Determining if the include file pthread.h exists passed with the following output:
Change Dir: /home/manu/work/mahdi/pagmo2/CMakeFiles/CMakeTmp

Run Build Command:"/usr/bin/make" "cmTC_ae4aa/fast"
make[1]: Entering directory '/home/manu/work/mahdi/pagmo2/CMakeFiles/CMakeTmp'
/usr/bin/make -f CMakeFiles/cmTC_ae4aa.dir/build.make CMakeFiles/cmTC_ae4aa.dir/build
make[2]: Entering directory '/home/manu/work/mahdi/pagmo2/CMakeFiles/CMakeTmp'
Building C object CMakeFiles/cmTC_ae4aa.dir/CheckIncludeFile.c.o
/usr/bin/cc    -o CMakeFiles/cmTC_ae4aa.dir/CheckIncludeFile.c.o   -c /home/manu/work/mahdi/pagmo2/CMakeFiles/CMakeTmp/CheckIncludeFile.c
Linking C executable cmTC_ae4aa
/usr/bin/cmake -E cmake_link_script CMakeFiles/cmTC_ae4aa.dir/link.txt --verbose=1
/usr/bin/cc      -rdynamic CMakeFiles/cmTC_ae4aa.dir/CheckIncludeFile.c.o  -o cmTC_ae4aa 
make[2]: Leaving directory '/home/manu/work/mahdi/pagmo2/CMakeFiles/CMakeTmp'
make[1]: Leaving directory '/home/manu/work/mahdi/pagmo2/CMakeFiles/CMakeTmp'


Determining if the pthread_setaffinity_np exist passed with the following output:
Change Dir: /home/manu/work/mahdi/pagmo2/CMakeFiles/CMakeTmp

Run Build Command:"/usr/bin/make" "cmTC_6f16d/fast"
make[1]: Entering directory '/home/manu/work/mahdi/pagmo2/CMakeFiles/CMakeTmp'
/usr/bin/make -f CMakeFiles/cmTC_6f16d.dir/build.make CMakeFiles/cmTC_6f16d.dir/build
make[2]: Entering directory '/home/manu/work/mahdi/pagmo2/CMakeFiles/CMakeTmp'
Building CXX object CMakeFiles/cmTC_6f16d.dir/CheckSymbolExists.cxx.o
/usr/bin/c++     -o CMakeFiles/cmTC_6f16d.dir/CheckSymbolExists.cxx.o -c /home/manu/work/mahdi/pagmo2/CMakeFiles/CMakeTmp/CheckSymbolExists.cxx
Linking CXX executable cmTC_6f16d
/usr/bin/cmake -E cmake_link_script CMakeFiles/cmTC_6f16d.dir/link.txt --verbose=1
/usr/bin/c++       -rdynamic CMakeFiles/cmTC_6f16d.dir/CheckSymbolExists.cxx.o  -o cmTC_6f16d -pthread 
make[2]: Leaving directory '/home/manu/work/mahdi/pagmo2/CMakeFiles/CMakeTmp'
make[1]: Leaving directory '/home/manu/work/mahdi/pagmo2/CMakeFiles/CMakeTmp'

File /home/manu/work/mahdi/pagmo2/CMakeFiles/CMakeTmp/CheckSymbolExists.cxx:
/* */
#include <pthread.h>

int main(int argc, char** argv)
{
  (void)argv;
#ifndef pthread_setaffinity_np
  return ((int*)(&pthread_setaffinity_np))[argc];
#else
  (void)argc;
  return 0;
#endif
}

Determining if the pthread_getaffinity_np exist passed with the following output:
Change Dir: /home/manu/work/mahdi/pagmo2/CMakeFiles/CMakeTmp

Run Build Command:"/usr/bin/make" "cmTC_0b652/fast"
make[1]: Entering directory '/home/manu/work/mahdi/pagmo2/CMakeFiles/CMakeTmp'
/usr/bin/make -f CMakeFiles/cmTC_0b652.dir/build.make CMakeFiles/cmTC_0b652.dir/build
make[2]: Entering directory '/home/manu/work/mahdi/pagmo2/CMakeFiles/CMakeTmp'
Building CXX object CMakeFiles/cmTC_0b652.dir/CheckSymbolExists.cxx.o
/usr/bin/c++     -o CMakeFiles/cmTC_0b652.dir/CheckSymbolExists.cxx.o -c /home/manu/work/mahdi/pagmo2/CMakeFiles/CMakeTmp/CheckSymbolExists.cxx
Linking CXX executable cmTC_0b652
/usr/bin/cmake -E cmake_link_script CMakeFiles/cmTC_0b652.dir/link.txt --verbose=1
/usr/bin/c++       -rdynamic CMakeFiles/cmTC_0b652.dir/CheckSymbolExists.cxx.o  -o cmTC_0b652 -pthread 
make[2]: Leaving directory '/home/manu/work/mahdi/pagmo2/CMakeFiles/CMakeTmp'
make[1]: Leaving directory '/home/manu/work/mahdi/pagmo2/CMakeFiles/CMakeTmp'

File /home/manu/work/mahdi/pagmo2/CMakeFiles/CMakeTmp/CheckSymbolExists.cxx:
/* */
#include <pthread.h>

int main(int argc, char** argv)
{
  (void)argv;
#ifndef pthread_getaffinity_np
  return ((int*)(&pthread_getaffinity_np))[argc];
#else
  (void)argc;
  return 0;
#endif
}

