Performing C++ SOURCE FILE Test YACMA_CHECK_DEBUG_CXX_FLAG failed with the following output:
Change Dir: /home/manu/work/mahdi/pagmo2/CMakeFiles/CMakeTmp

Run Build Command:"/usr/bin/make" "cmTC_3f104/fast"
make[1]: Entering directory '/home/manu/work/mahdi/pagmo2/CMakeFiles/CMakeTmp'
/usr/bin/make -f CMakeFiles/cmTC_3f104.dir/build.make CMakeFiles/cmTC_3f104.dir/build
make[2]: Entering directory '/home/manu/work/mahdi/pagmo2/CMakeFiles/CMakeTmp'
Building CXX object CMakeFiles/cmTC_3f104.dir/src.cxx.o
/usr/bin/c++    -DYACMA_CHECK_DEBUG_CXX_FLAG   -Wcast-align=strict -o CMakeFiles/cmTC_3f104.dir/src.cxx.o -c /home/manu/work/mahdi/pagmo2/CMakeFiles/CMakeTmp/src.cxx
c++: error: unrecognized command line option '-Wcast-align=strict'; did you mean '-Wcast-align'?
CMakeFiles/cmTC_3f104.dir/build.make:65: recipe for target 'CMakeFiles/cmTC_3f104.dir/src.cxx.o' failed
make[2]: *** [CMakeFiles/cmTC_3f104.dir/src.cxx.o] Error 1
make[2]: Leaving directory '/home/manu/work/mahdi/pagmo2/CMakeFiles/CMakeTmp'
Makefile:126: recipe for target 'cmTC_3f104/fast' failed
make[1]: *** [cmTC_3f104/fast] Error 2
make[1]: Leaving directory '/home/manu/work/mahdi/pagmo2/CMakeFiles/CMakeTmp'

Source file was:
int main() { return 0; }
Performing C++ SOURCE FILE Test YACMA_CHECK_CXX_FLAG failed with the following output:
Change Dir: /home/manu/work/mahdi/pagmo2/CMakeFiles/CMakeTmp

Run Build Command:"/usr/bin/make" "cmTC_bbdeb/fast"
make[1]: Entering directory '/home/manu/work/mahdi/pagmo2/CMakeFiles/CMakeTmp'
/usr/bin/make -f CMakeFiles/cmTC_bbdeb.dir/build.make CMakeFiles/cmTC_bbdeb.dir/build
make[2]: Entering directory '/home/manu/work/mahdi/pagmo2/CMakeFiles/CMakeTmp'
Building CXX object CMakeFiles/cmTC_bbdeb.dir/src.cxx.o
/usr/bin/c++    -DYACMA_CHECK_CXX_FLAG   -fdiagnostics-show-template-tree -o CMakeFiles/cmTC_bbdeb.dir/src.cxx.o -c /home/manu/work/mahdi/pagmo2/CMakeFiles/CMakeTmp/src.cxx
c++: error: unrecognized command line option '-fdiagnostics-show-template-tree'; did you mean '-fdiagnostics-show-caret'?
CMakeFiles/cmTC_bbdeb.dir/build.make:65: recipe for target 'CMakeFiles/cmTC_bbdeb.dir/src.cxx.o' failed
make[2]: *** [CMakeFiles/cmTC_bbdeb.dir/src.cxx.o] Error 1
make[2]: Leaving directory '/home/manu/work/mahdi/pagmo2/CMakeFiles/CMakeTmp'
Makefile:126: recipe for target 'cmTC_bbdeb/fast' failed
make[1]: *** [cmTC_bbdeb/fast] Error 2
make[1]: Leaving directory '/home/manu/work/mahdi/pagmo2/CMakeFiles/CMakeTmp'

Source file was:
int main() { return 0; }
Determining if the pthread_create exist failed with the following output:
Change Dir: /home/manu/work/mahdi/pagmo2/CMakeFiles/CMakeTmp

Run Build Command:"/usr/bin/make" "cmTC_91871/fast"
make[1]: Entering directory '/home/manu/work/mahdi/pagmo2/CMakeFiles/CMakeTmp'
/usr/bin/make -f CMakeFiles/cmTC_91871.dir/build.make CMakeFiles/cmTC_91871.dir/build
make[2]: Entering directory '/home/manu/work/mahdi/pagmo2/CMakeFiles/CMakeTmp'
Building C object CMakeFiles/cmTC_91871.dir/CheckSymbolExists.c.o
/usr/bin/cc    -o CMakeFiles/cmTC_91871.dir/CheckSymbolExists.c.o   -c /home/manu/work/mahdi/pagmo2/CMakeFiles/CMakeTmp/CheckSymbolExists.c
Linking C executable cmTC_91871
/usr/bin/cmake -E cmake_link_script CMakeFiles/cmTC_91871.dir/link.txt --verbose=1
/usr/bin/cc      -rdynamic CMakeFiles/cmTC_91871.dir/CheckSymbolExists.c.o  -o cmTC_91871 
CMakeFiles/cmTC_91871.dir/CheckSymbolExists.c.o: In function `main':
CheckSymbolExists.c:(.text+0x1b): undefined reference to `pthread_create'
collect2: error: ld returned 1 exit status
CMakeFiles/cmTC_91871.dir/build.make:97: recipe for target 'cmTC_91871' failed
make[2]: *** [cmTC_91871] Error 1
make[2]: Leaving directory '/home/manu/work/mahdi/pagmo2/CMakeFiles/CMakeTmp'
Makefile:126: recipe for target 'cmTC_91871/fast' failed
make[1]: *** [cmTC_91871/fast] Error 2
make[1]: Leaving directory '/home/manu/work/mahdi/pagmo2/CMakeFiles/CMakeTmp'

File /home/manu/work/mahdi/pagmo2/CMakeFiles/CMakeTmp/CheckSymbolExists.c:
/* */
#include <pthread.h>

int main(int argc, char** argv)
{
  (void)argv;
#ifndef pthread_create
  return ((int*)(&pthread_create))[argc];
#else
  (void)argc;
  return 0;
#endif
}

